[2025-08-07T21:56:28.673+0000] {processor.py:186} INFO - Started process (PID=98) to work on /home/airflow/.local/lib/python3.12/site-packages/airflow/example_dags/example_xcom.py
[2025-08-07T21:56:28.684+0000] {processor.py:914} INFO - Processing file /home/airflow/.local/lib/python3.12/site-packages/airflow/example_dags/example_xcom.py for tasks to queue
[2025-08-07T21:56:28.728+0000] {logging_mixin.py:190} INFO - [2025-08-07T21:56:28.723+0000] {dagbag.py:588} INFO - Filling up the DagBag from /home/airflow/.local/lib/python3.12/site-packages/airflow/example_dags/example_xcom.py
[2025-08-07T21:56:28.913+0000] {processor.py:925} INFO - DAG(s) 'example_xcom' retrieved from /home/airflow/.local/lib/python3.12/site-packages/airflow/example_dags/example_xcom.py
[2025-08-07T21:56:31.318+0000] {logging_mixin.py:190} INFO - [2025-08-07T21:56:31.311+0000] {override.py:1900} INFO - Created Permission View: can delete on DAG:example_xcom
[2025-08-07T21:56:31.380+0000] {logging_mixin.py:190} INFO - [2025-08-07T21:56:31.379+0000] {override.py:1900} INFO - Created Permission View: can edit on DAG:example_xcom
[2025-08-07T21:56:31.403+0000] {logging_mixin.py:190} INFO - [2025-08-07T21:56:31.402+0000] {override.py:1900} INFO - Created Permission View: can read on DAG:example_xcom
[2025-08-07T21:56:31.429+0000] {logging_mixin.py:190} INFO - [2025-08-07T21:56:31.428+0000] {override.py:1900} INFO - Created Permission View: can delete on DAG Run:example_xcom
[2025-08-07T21:56:31.453+0000] {logging_mixin.py:190} INFO - [2025-08-07T21:56:31.452+0000] {override.py:1900} INFO - Created Permission View: can create on DAG Run:example_xcom
[2025-08-07T21:56:31.475+0000] {logging_mixin.py:190} INFO - [2025-08-07T21:56:31.474+0000] {override.py:1900} INFO - Created Permission View: menu access on DAG Run:example_xcom
[2025-08-07T21:56:31.494+0000] {logging_mixin.py:190} INFO - [2025-08-07T21:56:31.493+0000] {override.py:1900} INFO - Created Permission View: can read on DAG Run:example_xcom
[2025-08-07T21:56:31.498+0000] {logging_mixin.py:190} INFO - [2025-08-07T21:56:31.497+0000] {dag.py:3239} INFO - Sync 1 DAGs
[2025-08-07T21:56:31.598+0000] {logging_mixin.py:190} INFO - [2025-08-07T21:56:31.598+0000] {dag.py:3262} INFO - Creating ORM DAG for example_xcom
[2025-08-07T21:56:31.657+0000] {logging_mixin.py:190} INFO - [2025-08-07T21:56:31.656+0000] {dag.py:4180} INFO - Setting next_dagrun for example_xcom to 2021-01-01 00:00:00+00:00, run_after=2021-01-01 00:00:00+00:00
[2025-08-07T21:56:31.746+0000] {processor.py:208} INFO - Processing /home/airflow/.local/lib/python3.12/site-packages/airflow/example_dags/example_xcom.py took 3.175 seconds
[2025-08-07T22:00:50.232+0000] {processor.py:186} INFO - Started process (PID=202) to work on /home/airflow/.local/lib/python3.12/site-packages/airflow/example_dags/example_xcom.py
[2025-08-07T22:00:50.255+0000] {processor.py:914} INFO - Processing file /home/airflow/.local/lib/python3.12/site-packages/airflow/example_dags/example_xcom.py for tasks to queue
[2025-08-07T22:00:50.283+0000] {logging_mixin.py:190} INFO - [2025-08-07T22:00:50.280+0000] {dagbag.py:588} INFO - Filling up the DagBag from /home/airflow/.local/lib/python3.12/site-packages/airflow/example_dags/example_xcom.py
[2025-08-07T22:00:50.321+0000] {processor.py:925} INFO - DAG(s) 'example_xcom' retrieved from /home/airflow/.local/lib/python3.12/site-packages/airflow/example_dags/example_xcom.py
[2025-08-07T22:00:50.385+0000] {logging_mixin.py:190} INFO - [2025-08-07T22:00:50.384+0000] {dag.py:3239} INFO - Sync 1 DAGs
[2025-08-07T22:00:50.487+0000] {logging_mixin.py:190} INFO - [2025-08-07T22:00:50.486+0000] {dag.py:4180} INFO - Setting next_dagrun for example_xcom to 2021-01-01 00:00:00+00:00, run_after=2021-01-01 00:00:00+00:00
[2025-08-07T22:00:50.539+0000] {processor.py:208} INFO - Processing /home/airflow/.local/lib/python3.12/site-packages/airflow/example_dags/example_xcom.py took 0.343 seconds
