[2025-08-07T21:56:42.331+0000] {processor.py:186} INFO - Started process (PID=108) to work on /home/airflow/.local/lib/python3.12/site-packages/airflow/example_dags/example_params_trigger_ui.py
[2025-08-07T21:56:42.341+0000] {processor.py:914} INFO - Processing file /home/airflow/.local/lib/python3.12/site-packages/airflow/example_dags/example_params_trigger_ui.py for tasks to queue
[2025-08-07T21:56:42.457+0000] {logging_mixin.py:190} INFO - [2025-08-07T21:56:42.454+0000] {dagbag.py:588} INFO - Filling up the DagBag from /home/airflow/.local/lib/python3.12/site-packages/airflow/example_dags/example_params_trigger_ui.py
[2025-08-07T21:56:43.230+0000] {processor.py:925} INFO - DAG(s) 'example_params_trigger_ui' retrieved from /home/airflow/.local/lib/python3.12/site-packages/airflow/example_dags/example_params_trigger_ui.py
[2025-08-07T21:56:50.939+0000] {logging_mixin.py:190} INFO - [2025-08-07T21:56:50.827+0000] {override.py:1900} INFO - Created Permission View: can delete on DAG:example_params_trigger_ui
[2025-08-07T21:56:51.144+0000] {logging_mixin.py:190} INFO - [2025-08-07T21:56:51.143+0000] {override.py:1900} INFO - Created Permission View: can edit on DAG:example_params_trigger_ui
[2025-08-07T21:56:51.186+0000] {logging_mixin.py:190} INFO - [2025-08-07T21:56:51.183+0000] {override.py:1900} INFO - Created Permission View: can read on DAG:example_params_trigger_ui
[2025-08-07T21:56:51.252+0000] {logging_mixin.py:190} INFO - [2025-08-07T21:56:51.248+0000] {override.py:1900} INFO - Created Permission View: can delete on DAG Run:example_params_trigger_ui
[2025-08-07T21:56:51.414+0000] {logging_mixin.py:190} INFO - [2025-08-07T21:56:51.412+0000] {override.py:1900} INFO - Created Permission View: can create on DAG Run:example_params_trigger_ui
[2025-08-07T21:56:51.464+0000] {logging_mixin.py:190} INFO - [2025-08-07T21:56:51.463+0000] {override.py:1900} INFO - Created Permission View: menu access on DAG Run:example_params_trigger_ui
[2025-08-07T21:56:51.492+0000] {logging_mixin.py:190} INFO - [2025-08-07T21:56:51.490+0000] {override.py:1900} INFO - Created Permission View: can read on DAG Run:example_params_trigger_ui
[2025-08-07T21:56:51.561+0000] {logging_mixin.py:190} INFO - [2025-08-07T21:56:51.527+0000] {dag.py:3239} INFO - Sync 1 DAGs
[2025-08-07T21:56:51.951+0000] {logging_mixin.py:190} INFO - [2025-08-07T21:56:51.948+0000] {dag.py:3262} INFO - Creating ORM DAG for example_params_trigger_ui
[2025-08-07T21:56:51.974+0000] {logging_mixin.py:190} INFO - [2025-08-07T21:56:51.973+0000] {dag.py:4180} INFO - Setting next_dagrun for example_params_trigger_ui to None, run_after=None
[2025-08-07T21:56:52.250+0000] {processor.py:208} INFO - Processing /home/airflow/.local/lib/python3.12/site-packages/airflow/example_dags/example_params_trigger_ui.py took 10.116 seconds
[2025-08-07T22:00:50.920+0000] {processor.py:186} INFO - Started process (PID=205) to work on /home/airflow/.local/lib/python3.12/site-packages/airflow/example_dags/example_params_trigger_ui.py
[2025-08-07T22:00:50.923+0000] {processor.py:914} INFO - Processing file /home/airflow/.local/lib/python3.12/site-packages/airflow/example_dags/example_params_trigger_ui.py for tasks to queue
[2025-08-07T22:00:50.929+0000] {logging_mixin.py:190} INFO - [2025-08-07T22:00:50.929+0000] {dagbag.py:588} INFO - Filling up the DagBag from /home/airflow/.local/lib/python3.12/site-packages/airflow/example_dags/example_params_trigger_ui.py
[2025-08-07T22:00:50.983+0000] {processor.py:925} INFO - DAG(s) 'example_params_trigger_ui' retrieved from /home/airflow/.local/lib/python3.12/site-packages/airflow/example_dags/example_params_trigger_ui.py
[2025-08-07T22:00:51.117+0000] {logging_mixin.py:190} INFO - [2025-08-07T22:00:51.116+0000] {dag.py:3239} INFO - Sync 1 DAGs
[2025-08-07T22:00:51.154+0000] {logging_mixin.py:190} INFO - [2025-08-07T22:00:51.153+0000] {dag.py:4180} INFO - Setting next_dagrun for example_params_trigger_ui to None, run_after=None
[2025-08-07T22:00:51.197+0000] {processor.py:208} INFO - Processing /home/airflow/.local/lib/python3.12/site-packages/airflow/example_dags/example_params_trigger_ui.py took 0.290 seconds
