[2025-08-07T21:55:37.723+0000] {processor.py:186} INFO - Started process (PID=80) to work on /home/airflow/.local/lib/python3.12/site-packages/airflow/example_dags/example_datasets.py
[2025-08-07T21:55:37.731+0000] {processor.py:914} INFO - Processing file /home/airflow/.local/lib/python3.12/site-packages/airflow/example_dags/example_datasets.py for tasks to queue
[2025-08-07T21:55:37.755+0000] {logging_mixin.py:190} INFO - [2025-08-07T21:55:37.739+0000] {dagbag.py:588} INFO - Filling up the DagBag from /home/airflow/.local/lib/python3.12/site-packages/airflow/example_dags/example_datasets.py
[2025-08-07T21:55:46.812+0000] {processor.py:925} INFO - DAG(s) 'dataset_consumes_1', 'consume_1_or_2_with_dataset_expressions', 'dataset_consumes_unknown_never_scheduled', 'dataset_produces_1', 'conditional_dataset_and_time_based_timetable', 'consume_1_or_both_2_and_3_with_dataset_expressions', 'dataset_produces_2', 'dataset_consumes_1_never_scheduled', 'consume_1_and_2_with_dataset_expressions', 'dataset_consumes_1_and_2' retrieved from /home/airflow/.local/lib/python3.12/site-packages/airflow/example_dags/example_datasets.py
[2025-08-07T21:55:48.257+0000] {logging_mixin.py:190} INFO - [2025-08-07T21:55:48.243+0000] {override.py:1900} INFO - Created Permission View: can delete on DAG:dataset_consumes_1
[2025-08-07T21:55:48.325+0000] {logging_mixin.py:190} INFO - [2025-08-07T21:55:48.324+0000] {override.py:1900} INFO - Created Permission View: can edit on DAG:dataset_consumes_1
[2025-08-07T21:55:48.403+0000] {logging_mixin.py:190} INFO - [2025-08-07T21:55:48.399+0000] {override.py:1900} INFO - Created Permission View: can read on DAG:dataset_consumes_1
[2025-08-07T21:55:48.431+0000] {logging_mixin.py:190} INFO - [2025-08-07T21:55:48.430+0000] {override.py:1900} INFO - Created Permission View: can delete on DAG Run:dataset_consumes_1
[2025-08-07T21:55:48.483+0000] {logging_mixin.py:190} INFO - [2025-08-07T21:55:48.482+0000] {override.py:1900} INFO - Created Permission View: can create on DAG Run:dataset_consumes_1
[2025-08-07T21:55:48.501+0000] {logging_mixin.py:190} INFO - [2025-08-07T21:55:48.500+0000] {override.py:1900} INFO - Created Permission View: menu access on DAG Run:dataset_consumes_1
[2025-08-07T21:55:48.517+0000] {logging_mixin.py:190} INFO - [2025-08-07T21:55:48.517+0000] {override.py:1900} INFO - Created Permission View: can read on DAG Run:dataset_consumes_1
[2025-08-07T21:55:48.589+0000] {logging_mixin.py:190} INFO - [2025-08-07T21:55:48.588+0000] {override.py:1900} INFO - Created Permission View: can delete on DAG:consume_1_or_2_with_dataset_expressions
[2025-08-07T21:55:48.605+0000] {logging_mixin.py:190} INFO - [2025-08-07T21:55:48.603+0000] {override.py:1900} INFO - Created Permission View: can edit on DAG:consume_1_or_2_with_dataset_expressions
[2025-08-07T21:55:48.631+0000] {logging_mixin.py:190} INFO - [2025-08-07T21:55:48.630+0000] {override.py:1900} INFO - Created Permission View: can read on DAG:consume_1_or_2_with_dataset_expressions
[2025-08-07T21:55:48.648+0000] {logging_mixin.py:190} INFO - [2025-08-07T21:55:48.647+0000] {override.py:1900} INFO - Created Permission View: can delete on DAG Run:consume_1_or_2_with_dataset_expressions
[2025-08-07T21:55:48.692+0000] {logging_mixin.py:190} INFO - [2025-08-07T21:55:48.691+0000] {override.py:1900} INFO - Created Permission View: can create on DAG Run:consume_1_or_2_with_dataset_expressions
[2025-08-07T21:55:48.707+0000] {logging_mixin.py:190} INFO - [2025-08-07T21:55:48.707+0000] {override.py:1900} INFO - Created Permission View: menu access on DAG Run:consume_1_or_2_with_dataset_expressions
[2025-08-07T21:55:48.723+0000] {logging_mixin.py:190} INFO - [2025-08-07T21:55:48.723+0000] {override.py:1900} INFO - Created Permission View: can read on DAG Run:consume_1_or_2_with_dataset_expressions
[2025-08-07T21:55:48.769+0000] {logging_mixin.py:190} INFO - [2025-08-07T21:55:48.769+0000] {override.py:1900} INFO - Created Permission View: can delete on DAG:dataset_consumes_unknown_never_scheduled
[2025-08-07T21:55:48.784+0000] {logging_mixin.py:190} INFO - [2025-08-07T21:55:48.783+0000] {override.py:1900} INFO - Created Permission View: can edit on DAG:dataset_consumes_unknown_never_scheduled
[2025-08-07T21:55:48.796+0000] {logging_mixin.py:190} INFO - [2025-08-07T21:55:48.795+0000] {override.py:1900} INFO - Created Permission View: can read on DAG:dataset_consumes_unknown_never_scheduled
[2025-08-07T21:55:48.816+0000] {logging_mixin.py:190} INFO - [2025-08-07T21:55:48.815+0000] {override.py:1900} INFO - Created Permission View: can delete on DAG Run:dataset_consumes_unknown_never_scheduled
[2025-08-07T21:55:48.831+0000] {logging_mixin.py:190} INFO - [2025-08-07T21:55:48.830+0000] {override.py:1900} INFO - Created Permission View: can create on DAG Run:dataset_consumes_unknown_never_scheduled
[2025-08-07T21:55:48.866+0000] {logging_mixin.py:190} INFO - [2025-08-07T21:55:48.866+0000] {override.py:1900} INFO - Created Permission View: menu access on DAG Run:dataset_consumes_unknown_never_scheduled
[2025-08-07T21:55:48.878+0000] {logging_mixin.py:190} INFO - [2025-08-07T21:55:48.878+0000] {override.py:1900} INFO - Created Permission View: can read on DAG Run:dataset_consumes_unknown_never_scheduled
[2025-08-07T21:55:48.915+0000] {logging_mixin.py:190} INFO - [2025-08-07T21:55:48.914+0000] {override.py:1900} INFO - Created Permission View: can delete on DAG:dataset_produces_1
[2025-08-07T21:55:48.927+0000] {logging_mixin.py:190} INFO - [2025-08-07T21:55:48.927+0000] {override.py:1900} INFO - Created Permission View: can edit on DAG:dataset_produces_1
[2025-08-07T21:55:48.946+0000] {logging_mixin.py:190} INFO - [2025-08-07T21:55:48.946+0000] {override.py:1900} INFO - Created Permission View: can read on DAG:dataset_produces_1
[2025-08-07T21:55:48.972+0000] {logging_mixin.py:190} INFO - [2025-08-07T21:55:48.971+0000] {override.py:1900} INFO - Created Permission View: can delete on DAG Run:dataset_produces_1
[2025-08-07T21:55:48.994+0000] {logging_mixin.py:190} INFO - [2025-08-07T21:55:48.993+0000] {override.py:1900} INFO - Created Permission View: can create on DAG Run:dataset_produces_1
[2025-08-07T21:55:49.014+0000] {logging_mixin.py:190} INFO - [2025-08-07T21:55:49.014+0000] {override.py:1900} INFO - Created Permission View: menu access on DAG Run:dataset_produces_1
[2025-08-07T21:55:49.025+0000] {logging_mixin.py:190} INFO - [2025-08-07T21:55:49.025+0000] {override.py:1900} INFO - Created Permission View: can read on DAG Run:dataset_produces_1
[2025-08-07T21:55:49.059+0000] {logging_mixin.py:190} INFO - [2025-08-07T21:55:49.058+0000] {override.py:1900} INFO - Created Permission View: can delete on DAG:conditional_dataset_and_time_based_timetable
[2025-08-07T21:55:49.072+0000] {logging_mixin.py:190} INFO - [2025-08-07T21:55:49.071+0000] {override.py:1900} INFO - Created Permission View: can edit on DAG:conditional_dataset_and_time_based_timetable
[2025-08-07T21:55:49.162+0000] {logging_mixin.py:190} INFO - [2025-08-07T21:55:49.161+0000] {override.py:1900} INFO - Created Permission View: can read on DAG:conditional_dataset_and_time_based_timetable
[2025-08-07T21:55:49.218+0000] {logging_mixin.py:190} INFO - [2025-08-07T21:55:49.213+0000] {override.py:1900} INFO - Created Permission View: can delete on DAG Run:conditional_dataset_and_time_based_timetable
[2025-08-07T21:55:49.285+0000] {logging_mixin.py:190} INFO - [2025-08-07T21:55:49.284+0000] {override.py:1900} INFO - Created Permission View: can create on DAG Run:conditional_dataset_and_time_based_timetable
[2025-08-07T21:55:49.308+0000] {logging_mixin.py:190} INFO - [2025-08-07T21:55:49.307+0000] {override.py:1900} INFO - Created Permission View: menu access on DAG Run:conditional_dataset_and_time_based_timetable
[2025-08-07T21:55:49.333+0000] {logging_mixin.py:190} INFO - [2025-08-07T21:55:49.332+0000] {override.py:1900} INFO - Created Permission View: can read on DAG Run:conditional_dataset_and_time_based_timetable
[2025-08-07T21:55:49.459+0000] {logging_mixin.py:190} INFO - [2025-08-07T21:55:49.459+0000] {override.py:1900} INFO - Created Permission View: can delete on DAG:consume_1_or_both_2_and_3_with_dataset_expressions
[2025-08-07T21:55:49.482+0000] {logging_mixin.py:190} INFO - [2025-08-07T21:55:49.481+0000] {override.py:1900} INFO - Created Permission View: can edit on DAG:consume_1_or_both_2_and_3_with_dataset_expressions
[2025-08-07T21:55:49.506+0000] {logging_mixin.py:190} INFO - [2025-08-07T21:55:49.505+0000] {override.py:1900} INFO - Created Permission View: can read on DAG:consume_1_or_both_2_and_3_with_dataset_expressions
[2025-08-07T21:55:49.598+0000] {logging_mixin.py:190} INFO - [2025-08-07T21:55:49.594+0000] {override.py:1900} INFO - Created Permission View: can delete on DAG Run:consume_1_or_both_2_and_3_with_dataset_expressions
[2025-08-07T21:55:49.650+0000] {logging_mixin.py:190} INFO - [2025-08-07T21:55:49.645+0000] {override.py:1900} INFO - Created Permission View: can create on DAG Run:consume_1_or_both_2_and_3_with_dataset_expressions
[2025-08-07T21:55:49.759+0000] {logging_mixin.py:190} INFO - [2025-08-07T21:55:49.750+0000] {override.py:1900} INFO - Created Permission View: menu access on DAG Run:consume_1_or_both_2_and_3_with_dataset_expressions
[2025-08-07T21:55:49.814+0000] {logging_mixin.py:190} INFO - [2025-08-07T21:55:49.813+0000] {override.py:1900} INFO - Created Permission View: can read on DAG Run:consume_1_or_both_2_and_3_with_dataset_expressions
[2025-08-07T21:55:49.944+0000] {logging_mixin.py:190} INFO - [2025-08-07T21:55:49.937+0000] {override.py:1900} INFO - Created Permission View: can delete on DAG:dataset_produces_2
[2025-08-07T21:55:50.000+0000] {logging_mixin.py:190} INFO - [2025-08-07T21:55:49.999+0000] {override.py:1900} INFO - Created Permission View: can edit on DAG:dataset_produces_2
[2025-08-07T21:55:50.014+0000] {logging_mixin.py:190} INFO - [2025-08-07T21:55:50.014+0000] {override.py:1900} INFO - Created Permission View: can read on DAG:dataset_produces_2
[2025-08-07T21:55:50.052+0000] {logging_mixin.py:190} INFO - [2025-08-07T21:55:50.051+0000] {override.py:1900} INFO - Created Permission View: can delete on DAG Run:dataset_produces_2
[2025-08-07T21:55:50.114+0000] {logging_mixin.py:190} INFO - [2025-08-07T21:55:50.113+0000] {override.py:1900} INFO - Created Permission View: can create on DAG Run:dataset_produces_2
[2025-08-07T21:55:50.129+0000] {logging_mixin.py:190} INFO - [2025-08-07T21:55:50.128+0000] {override.py:1900} INFO - Created Permission View: menu access on DAG Run:dataset_produces_2
[2025-08-07T21:55:50.150+0000] {logging_mixin.py:190} INFO - [2025-08-07T21:55:50.150+0000] {override.py:1900} INFO - Created Permission View: can read on DAG Run:dataset_produces_2
[2025-08-07T21:55:50.230+0000] {logging_mixin.py:190} INFO - [2025-08-07T21:55:50.229+0000] {override.py:1900} INFO - Created Permission View: can delete on DAG:dataset_consumes_1_never_scheduled
[2025-08-07T21:55:50.257+0000] {logging_mixin.py:190} INFO - [2025-08-07T21:55:50.256+0000] {override.py:1900} INFO - Created Permission View: can edit on DAG:dataset_consumes_1_never_scheduled
[2025-08-07T21:55:50.275+0000] {logging_mixin.py:190} INFO - [2025-08-07T21:55:50.274+0000] {override.py:1900} INFO - Created Permission View: can read on DAG:dataset_consumes_1_never_scheduled
[2025-08-07T21:55:50.312+0000] {logging_mixin.py:190} INFO - [2025-08-07T21:55:50.303+0000] {override.py:1900} INFO - Created Permission View: can delete on DAG Run:dataset_consumes_1_never_scheduled
[2025-08-07T21:55:50.418+0000] {logging_mixin.py:190} INFO - [2025-08-07T21:55:50.417+0000] {override.py:1900} INFO - Created Permission View: can create on DAG Run:dataset_consumes_1_never_scheduled
[2025-08-07T21:55:50.505+0000] {logging_mixin.py:190} INFO - [2025-08-07T21:55:50.503+0000] {override.py:1900} INFO - Created Permission View: menu access on DAG Run:dataset_consumes_1_never_scheduled
[2025-08-07T21:55:50.527+0000] {logging_mixin.py:190} INFO - [2025-08-07T21:55:50.527+0000] {override.py:1900} INFO - Created Permission View: can read on DAG Run:dataset_consumes_1_never_scheduled
[2025-08-07T21:55:50.625+0000] {logging_mixin.py:190} INFO - [2025-08-07T21:55:50.622+0000] {override.py:1900} INFO - Created Permission View: can delete on DAG:consume_1_and_2_with_dataset_expressions
[2025-08-07T21:55:50.681+0000] {logging_mixin.py:190} INFO - [2025-08-07T21:55:50.680+0000] {override.py:1900} INFO - Created Permission View: can edit on DAG:consume_1_and_2_with_dataset_expressions
[2025-08-07T21:55:50.690+0000] {logging_mixin.py:190} INFO - [2025-08-07T21:55:50.690+0000] {override.py:1900} INFO - Created Permission View: can read on DAG:consume_1_and_2_with_dataset_expressions
[2025-08-07T21:55:50.708+0000] {logging_mixin.py:190} INFO - [2025-08-07T21:55:50.707+0000] {override.py:1900} INFO - Created Permission View: can delete on DAG Run:consume_1_and_2_with_dataset_expressions
[2025-08-07T21:55:50.754+0000] {logging_mixin.py:190} INFO - [2025-08-07T21:55:50.731+0000] {override.py:1900} INFO - Created Permission View: can create on DAG Run:consume_1_and_2_with_dataset_expressions
[2025-08-07T21:55:50.772+0000] {logging_mixin.py:190} INFO - [2025-08-07T21:55:50.772+0000] {override.py:1900} INFO - Created Permission View: menu access on DAG Run:consume_1_and_2_with_dataset_expressions
[2025-08-07T21:55:50.788+0000] {logging_mixin.py:190} INFO - [2025-08-07T21:55:50.787+0000] {override.py:1900} INFO - Created Permission View: can read on DAG Run:consume_1_and_2_with_dataset_expressions
[2025-08-07T21:55:50.919+0000] {logging_mixin.py:190} INFO - [2025-08-07T21:55:50.918+0000] {override.py:1900} INFO - Created Permission View: can delete on DAG:dataset_consumes_1_and_2
[2025-08-07T21:55:50.952+0000] {logging_mixin.py:190} INFO - [2025-08-07T21:55:50.950+0000] {override.py:1900} INFO - Created Permission View: can edit on DAG:dataset_consumes_1_and_2
[2025-08-07T21:55:51.014+0000] {logging_mixin.py:190} INFO - [2025-08-07T21:55:51.013+0000] {override.py:1900} INFO - Created Permission View: can read on DAG:dataset_consumes_1_and_2
[2025-08-07T21:55:51.029+0000] {logging_mixin.py:190} INFO - [2025-08-07T21:55:51.028+0000] {override.py:1900} INFO - Created Permission View: can delete on DAG Run:dataset_consumes_1_and_2
[2025-08-07T21:55:51.052+0000] {logging_mixin.py:190} INFO - [2025-08-07T21:55:51.051+0000] {override.py:1900} INFO - Created Permission View: can create on DAG Run:dataset_consumes_1_and_2
[2025-08-07T21:55:51.106+0000] {logging_mixin.py:190} INFO - [2025-08-07T21:55:51.100+0000] {override.py:1900} INFO - Created Permission View: menu access on DAG Run:dataset_consumes_1_and_2
[2025-08-07T21:55:51.145+0000] {logging_mixin.py:190} INFO - [2025-08-07T21:55:51.145+0000] {override.py:1900} INFO - Created Permission View: can read on DAG Run:dataset_consumes_1_and_2
[2025-08-07T21:55:51.154+0000] {logging_mixin.py:190} INFO - [2025-08-07T21:55:51.151+0000] {dag.py:3239} INFO - Sync 10 DAGs
[2025-08-07T21:55:51.532+0000] {logging_mixin.py:190} INFO - [2025-08-07T21:55:51.530+0000] {dag.py:3262} INFO - Creating ORM DAG for consume_1_and_2_with_dataset_expressions
[2025-08-07T21:55:51.534+0000] {logging_mixin.py:190} INFO - [2025-08-07T21:55:51.534+0000] {dag.py:3262} INFO - Creating ORM DAG for conditional_dataset_and_time_based_timetable
[2025-08-07T21:55:51.536+0000] {logging_mixin.py:190} INFO - [2025-08-07T21:55:51.536+0000] {dag.py:3262} INFO - Creating ORM DAG for dataset_consumes_1
[2025-08-07T21:55:51.537+0000] {logging_mixin.py:190} INFO - [2025-08-07T21:55:51.537+0000] {dag.py:3262} INFO - Creating ORM DAG for consume_1_or_2_with_dataset_expressions
[2025-08-07T21:55:51.539+0000] {logging_mixin.py:190} INFO - [2025-08-07T21:55:51.539+0000] {dag.py:3262} INFO - Creating ORM DAG for dataset_consumes_1_and_2
[2025-08-07T21:55:51.543+0000] {logging_mixin.py:190} INFO - [2025-08-07T21:55:51.541+0000] {dag.py:3262} INFO - Creating ORM DAG for consume_1_or_both_2_and_3_with_dataset_expressions
[2025-08-07T21:55:51.547+0000] {logging_mixin.py:190} INFO - [2025-08-07T21:55:51.545+0000] {dag.py:3262} INFO - Creating ORM DAG for dataset_produces_1
[2025-08-07T21:55:51.552+0000] {logging_mixin.py:190} INFO - [2025-08-07T21:55:51.552+0000] {dag.py:3262} INFO - Creating ORM DAG for dataset_consumes_1_never_scheduled
[2025-08-07T21:55:51.554+0000] {logging_mixin.py:190} INFO - [2025-08-07T21:55:51.554+0000] {dag.py:3262} INFO - Creating ORM DAG for dataset_produces_2
[2025-08-07T21:55:51.560+0000] {logging_mixin.py:190} INFO - [2025-08-07T21:55:51.556+0000] {dag.py:3262} INFO - Creating ORM DAG for dataset_consumes_unknown_never_scheduled
[2025-08-07T21:55:51.682+0000] {logging_mixin.py:190} INFO - [2025-08-07T21:55:51.681+0000] {dag.py:4180} INFO - Setting next_dagrun for conditional_dataset_and_time_based_timetable to 2025-08-06 01:00:00+00:00, run_after=2025-08-06 01:00:00+00:00
[2025-08-07T21:55:51.686+0000] {logging_mixin.py:190} INFO - [2025-08-07T21:55:51.685+0000] {dag.py:4180} INFO - Setting next_dagrun for consume_1_and_2_with_dataset_expressions to None, run_after=None
[2025-08-07T21:55:51.687+0000] {logging_mixin.py:190} INFO - [2025-08-07T21:55:51.687+0000] {dag.py:4180} INFO - Setting next_dagrun for consume_1_or_2_with_dataset_expressions to None, run_after=None
[2025-08-07T21:55:51.688+0000] {logging_mixin.py:190} INFO - [2025-08-07T21:55:51.688+0000] {dag.py:4180} INFO - Setting next_dagrun for consume_1_or_both_2_and_3_with_dataset_expressions to None, run_after=None
[2025-08-07T21:55:51.696+0000] {logging_mixin.py:190} INFO - [2025-08-07T21:55:51.696+0000] {dag.py:4180} INFO - Setting next_dagrun for dataset_consumes_1 to None, run_after=None
[2025-08-07T21:55:51.699+0000] {logging_mixin.py:190} INFO - [2025-08-07T21:55:51.699+0000] {dag.py:4180} INFO - Setting next_dagrun for dataset_consumes_1_and_2 to None, run_after=None
[2025-08-07T21:55:51.702+0000] {logging_mixin.py:190} INFO - [2025-08-07T21:55:51.701+0000] {dag.py:4180} INFO - Setting next_dagrun for dataset_consumes_1_never_scheduled to None, run_after=None
[2025-08-07T21:55:51.707+0000] {logging_mixin.py:190} INFO - [2025-08-07T21:55:51.706+0000] {dag.py:4180} INFO - Setting next_dagrun for dataset_consumes_unknown_never_scheduled to None, run_after=None
[2025-08-07T21:55:51.719+0000] {logging_mixin.py:190} INFO - [2025-08-07T21:55:51.718+0000] {dag.py:4180} INFO - Setting next_dagrun for dataset_produces_1 to 2025-08-06 00:00:00+00:00, run_after=2025-08-07 00:00:00+00:00
[2025-08-07T21:55:51.721+0000] {logging_mixin.py:190} INFO - [2025-08-07T21:55:51.721+0000] {dag.py:4180} INFO - Setting next_dagrun for dataset_produces_2 to None, run_after=None
[2025-08-07T21:55:57.663+0000] {processor.py:208} INFO - Processing /home/airflow/.local/lib/python3.12/site-packages/airflow/example_dags/example_datasets.py took 20.016 seconds
[2025-08-07T22:00:47.359+0000] {processor.py:186} INFO - Started process (PID=190) to work on /home/airflow/.local/lib/python3.12/site-packages/airflow/example_dags/example_datasets.py
[2025-08-07T22:00:47.363+0000] {processor.py:914} INFO - Processing file /home/airflow/.local/lib/python3.12/site-packages/airflow/example_dags/example_datasets.py for tasks to queue
[2025-08-07T22:00:47.377+0000] {logging_mixin.py:190} INFO - [2025-08-07T22:00:47.376+0000] {dagbag.py:588} INFO - Filling up the DagBag from /home/airflow/.local/lib/python3.12/site-packages/airflow/example_dags/example_datasets.py
[2025-08-07T22:00:48.241+0000] {processor.py:925} INFO - DAG(s) 'consume_1_or_2_with_dataset_expressions', 'consume_1_and_2_with_dataset_expressions', 'conditional_dataset_and_time_based_timetable', 'dataset_consumes_1_never_scheduled', 'consume_1_or_both_2_and_3_with_dataset_expressions', 'dataset_consumes_1_and_2', 'dataset_consumes_1', 'dataset_consumes_unknown_never_scheduled', 'dataset_produces_2', 'dataset_produces_1' retrieved from /home/airflow/.local/lib/python3.12/site-packages/airflow/example_dags/example_datasets.py
[2025-08-07T22:00:48.380+0000] {logging_mixin.py:190} INFO - [2025-08-07T22:00:48.379+0000] {dag.py:3239} INFO - Sync 10 DAGs
[2025-08-07T22:00:48.490+0000] {logging_mixin.py:190} INFO - [2025-08-07T22:00:48.490+0000] {dag.py:4180} INFO - Setting next_dagrun for conditional_dataset_and_time_based_timetable to 2025-08-06 01:00:00+00:00, run_after=2025-08-06 01:00:00+00:00
[2025-08-07T22:00:48.502+0000] {logging_mixin.py:190} INFO - [2025-08-07T22:00:48.501+0000] {dag.py:4180} INFO - Setting next_dagrun for consume_1_and_2_with_dataset_expressions to None, run_after=None
[2025-08-07T22:00:48.508+0000] {logging_mixin.py:190} INFO - [2025-08-07T22:00:48.507+0000] {dag.py:4180} INFO - Setting next_dagrun for consume_1_or_2_with_dataset_expressions to None, run_after=None
[2025-08-07T22:00:48.515+0000] {logging_mixin.py:190} INFO - [2025-08-07T22:00:48.514+0000] {dag.py:4180} INFO - Setting next_dagrun for consume_1_or_both_2_and_3_with_dataset_expressions to None, run_after=None
[2025-08-07T22:00:48.519+0000] {logging_mixin.py:190} INFO - [2025-08-07T22:00:48.517+0000] {dag.py:4180} INFO - Setting next_dagrun for dataset_consumes_1 to None, run_after=None
[2025-08-07T22:00:48.525+0000] {logging_mixin.py:190} INFO - [2025-08-07T22:00:48.524+0000] {dag.py:4180} INFO - Setting next_dagrun for dataset_consumes_1_and_2 to None, run_after=None
[2025-08-07T22:00:48.530+0000] {logging_mixin.py:190} INFO - [2025-08-07T22:00:48.530+0000] {dag.py:4180} INFO - Setting next_dagrun for dataset_consumes_1_never_scheduled to None, run_after=None
[2025-08-07T22:00:48.535+0000] {logging_mixin.py:190} INFO - [2025-08-07T22:00:48.534+0000] {dag.py:4180} INFO - Setting next_dagrun for dataset_consumes_unknown_never_scheduled to None, run_after=None
[2025-08-07T22:00:48.543+0000] {logging_mixin.py:190} INFO - [2025-08-07T22:00:48.542+0000] {dag.py:4180} INFO - Setting next_dagrun for dataset_produces_1 to 2025-08-06 00:00:00+00:00, run_after=2025-08-07 00:00:00+00:00
[2025-08-07T22:00:48.549+0000] {logging_mixin.py:190} INFO - [2025-08-07T22:00:48.549+0000] {dag.py:4180} INFO - Setting next_dagrun for dataset_produces_2 to None, run_after=None
[2025-08-07T22:00:48.709+0000] {processor.py:208} INFO - Processing /home/airflow/.local/lib/python3.12/site-packages/airflow/example_dags/example_datasets.py took 1.368 seconds
