[2025-08-07T21:55:47.631+0000] {processor.py:186} INFO - Started process (PID=82) to work on /home/airflow/.local/lib/python3.12/site-packages/airflow/example_dags/example_params_ui_tutorial.py
[2025-08-07T21:55:47.641+0000] {processor.py:914} INFO - Processing file /home/airflow/.local/lib/python3.12/site-packages/airflow/example_dags/example_params_ui_tutorial.py for tasks to queue
[2025-08-07T21:55:47.791+0000] {logging_mixin.py:190} INFO - [2025-08-07T21:55:47.790+0000] {dagbag.py:588} INFO - Filling up the DagBag from /home/airflow/.local/lib/python3.12/site-packages/airflow/example_dags/example_params_ui_tutorial.py
[2025-08-07T21:55:48.189+0000] {processor.py:925} INFO - DAG(s) 'example_params_ui_tutorial' retrieved from /home/airflow/.local/lib/python3.12/site-packages/airflow/example_dags/example_params_ui_tutorial.py
[2025-08-07T21:55:50.684+0000] {logging_mixin.py:190} INFO - [2025-08-07T21:55:50.679+0000] {override.py:1900} INFO - Created Permission View: can delete on DAG:example_params_ui_tutorial
[2025-08-07T21:55:50.736+0000] {logging_mixin.py:190} INFO - [2025-08-07T21:55:50.731+0000] {override.py:1900} INFO - Created Permission View: can edit on DAG:example_params_ui_tutorial
[2025-08-07T21:55:50.774+0000] {logging_mixin.py:190} INFO - [2025-08-07T21:55:50.773+0000] {override.py:1900} INFO - Created Permission View: can read on DAG:example_params_ui_tutorial
[2025-08-07T21:55:50.877+0000] {logging_mixin.py:190} INFO - [2025-08-07T21:55:50.862+0000] {override.py:1900} INFO - Created Permission View: can delete on DAG Run:example_params_ui_tutorial
[2025-08-07T21:55:50.924+0000] {logging_mixin.py:190} INFO - [2025-08-07T21:55:50.922+0000] {override.py:1900} INFO - Created Permission View: can create on DAG Run:example_params_ui_tutorial
[2025-08-07T21:55:50.995+0000] {logging_mixin.py:190} INFO - [2025-08-07T21:55:50.980+0000] {override.py:1900} INFO - Created Permission View: menu access on DAG Run:example_params_ui_tutorial
[2025-08-07T21:55:51.059+0000] {logging_mixin.py:190} INFO - [2025-08-07T21:55:51.057+0000] {override.py:1900} INFO - Created Permission View: can read on DAG Run:example_params_ui_tutorial
[2025-08-07T21:55:51.072+0000] {logging_mixin.py:190} INFO - [2025-08-07T21:55:51.071+0000] {dag.py:3239} INFO - Sync 1 DAGs
[2025-08-07T21:55:51.503+0000] {logging_mixin.py:190} INFO - [2025-08-07T21:55:51.500+0000] {dag.py:3262} INFO - Creating ORM DAG for example_params_ui_tutorial
[2025-08-07T21:55:51.511+0000] {logging_mixin.py:190} INFO - [2025-08-07T21:55:51.511+0000] {dag.py:4180} INFO - Setting next_dagrun for example_params_ui_tutorial to None, run_after=None
[2025-08-07T21:55:51.678+0000] {processor.py:208} INFO - Processing /home/airflow/.local/lib/python3.12/site-packages/airflow/example_dags/example_params_ui_tutorial.py took 4.215 seconds
[2025-08-07T22:00:47.796+0000] {processor.py:186} INFO - Started process (PID=192) to work on /home/airflow/.local/lib/python3.12/site-packages/airflow/example_dags/example_params_ui_tutorial.py
[2025-08-07T22:00:47.798+0000] {processor.py:914} INFO - Processing file /home/airflow/.local/lib/python3.12/site-packages/airflow/example_dags/example_params_ui_tutorial.py for tasks to queue
[2025-08-07T22:00:47.812+0000] {logging_mixin.py:190} INFO - [2025-08-07T22:00:47.812+0000] {dagbag.py:588} INFO - Filling up the DagBag from /home/airflow/.local/lib/python3.12/site-packages/airflow/example_dags/example_params_ui_tutorial.py
[2025-08-07T22:00:47.878+0000] {processor.py:925} INFO - DAG(s) 'example_params_ui_tutorial' retrieved from /home/airflow/.local/lib/python3.12/site-packages/airflow/example_dags/example_params_ui_tutorial.py
[2025-08-07T22:00:48.075+0000] {logging_mixin.py:190} INFO - [2025-08-07T22:00:48.074+0000] {dag.py:3239} INFO - Sync 1 DAGs
[2025-08-07T22:00:48.145+0000] {logging_mixin.py:190} INFO - [2025-08-07T22:00:48.144+0000] {dag.py:4180} INFO - Setting next_dagrun for example_params_ui_tutorial to None, run_after=None
[2025-08-07T22:00:48.220+0000] {processor.py:208} INFO - Processing /home/airflow/.local/lib/python3.12/site-packages/airflow/example_dags/example_params_ui_tutorial.py took 0.439 seconds
