[2025-08-07T21:57:05.791+0000] {processor.py:186} INFO - Started process (PID=111) to work on /home/airflow/.local/lib/python3.12/site-packages/airflow/example_dags/example_local_kubernetes_executor.py
[2025-08-07T21:57:05.824+0000] {processor.py:914} INFO - Processing file /home/airflow/.local/lib/python3.12/site-packages/airflow/example_dags/example_local_kubernetes_executor.py for tasks to queue
[2025-08-07T21:57:06.018+0000] {logging_mixin.py:190} INFO - [2025-08-07T21:57:05.996+0000] {dagbag.py:588} INFO - Filling up the DagBag from /home/airflow/.local/lib/python3.12/site-packages/airflow/example_dags/example_local_kubernetes_executor.py
[2025-08-07T21:57:07.418+0000] {processor.py:925} INFO - DAG(s) 'example_local_kubernetes_executor' retrieved from /home/airflow/.local/lib/python3.12/site-packages/airflow/example_dags/example_local_kubernetes_executor.py
[2025-08-07T21:57:12.135+0000] {logging_mixin.py:190} INFO - [2025-08-07T21:57:12.103+0000] {override.py:1900} INFO - Created Permission View: can delete on DAG:example_local_kubernetes_executor
[2025-08-07T21:57:12.224+0000] {logging_mixin.py:190} INFO - [2025-08-07T21:57:12.223+0000] {override.py:1900} INFO - Created Permission View: can edit on DAG:example_local_kubernetes_executor
[2025-08-07T21:57:12.259+0000] {logging_mixin.py:190} INFO - [2025-08-07T21:57:12.258+0000] {override.py:1900} INFO - Created Permission View: can read on DAG:example_local_kubernetes_executor
[2025-08-07T21:57:12.286+0000] {logging_mixin.py:190} INFO - [2025-08-07T21:57:12.285+0000] {override.py:1900} INFO - Created Permission View: can delete on DAG Run:example_local_kubernetes_executor
[2025-08-07T21:57:12.860+0000] {logging_mixin.py:190} INFO - [2025-08-07T21:57:12.847+0000] {override.py:1900} INFO - Created Permission View: can create on DAG Run:example_local_kubernetes_executor
[2025-08-07T21:57:12.920+0000] {logging_mixin.py:190} INFO - [2025-08-07T21:57:12.915+0000] {override.py:1900} INFO - Created Permission View: menu access on DAG Run:example_local_kubernetes_executor
[2025-08-07T21:57:12.970+0000] {logging_mixin.py:190} INFO - [2025-08-07T21:57:12.969+0000] {override.py:1900} INFO - Created Permission View: can read on DAG Run:example_local_kubernetes_executor
[2025-08-07T21:57:12.974+0000] {logging_mixin.py:190} INFO - [2025-08-07T21:57:12.974+0000] {dag.py:3239} INFO - Sync 1 DAGs
[2025-08-07T21:57:13.332+0000] {logging_mixin.py:190} INFO - [2025-08-07T21:57:13.331+0000] {dag.py:3262} INFO - Creating ORM DAG for example_local_kubernetes_executor
[2025-08-07T21:57:13.339+0000] {logging_mixin.py:190} INFO - [2025-08-07T21:57:13.338+0000] {dag.py:4180} INFO - Setting next_dagrun for example_local_kubernetes_executor to None, run_after=None
[2025-08-07T21:57:16.008+0000] {processor.py:208} INFO - Processing /home/airflow/.local/lib/python3.12/site-packages/airflow/example_dags/example_local_kubernetes_executor.py took 10.657 seconds
[2025-08-07T22:00:51.388+0000] {processor.py:186} INFO - Started process (PID=208) to work on /home/airflow/.local/lib/python3.12/site-packages/airflow/example_dags/example_local_kubernetes_executor.py
[2025-08-07T22:00:51.391+0000] {processor.py:914} INFO - Processing file /home/airflow/.local/lib/python3.12/site-packages/airflow/example_dags/example_local_kubernetes_executor.py for tasks to queue
[2025-08-07T22:00:51.397+0000] {logging_mixin.py:190} INFO - [2025-08-07T22:00:51.396+0000] {dagbag.py:588} INFO - Filling up the DagBag from /home/airflow/.local/lib/python3.12/site-packages/airflow/example_dags/example_local_kubernetes_executor.py
[2025-08-07T22:00:51.532+0000] {processor.py:925} INFO - DAG(s) 'example_local_kubernetes_executor' retrieved from /home/airflow/.local/lib/python3.12/site-packages/airflow/example_dags/example_local_kubernetes_executor.py
[2025-08-07T22:00:51.795+0000] {logging_mixin.py:190} INFO - [2025-08-07T22:00:51.795+0000] {dag.py:3239} INFO - Sync 1 DAGs
[2025-08-07T22:00:51.832+0000] {logging_mixin.py:190} INFO - [2025-08-07T22:00:51.831+0000] {dag.py:4180} INFO - Setting next_dagrun for example_local_kubernetes_executor to None, run_after=None
[2025-08-07T22:00:51.874+0000] {processor.py:208} INFO - Processing /home/airflow/.local/lib/python3.12/site-packages/airflow/example_dags/example_local_kubernetes_executor.py took 0.505 seconds
