[2025-08-07T21:56:06.974+0000] {processor.py:186} INFO - Started process (PID=93) to work on /home/airflow/.local/lib/python3.12/site-packages/airflow/example_dags/example_sensors.py
[2025-08-07T21:56:06.976+0000] {processor.py:914} INFO - Processing file /home/airflow/.local/lib/python3.12/site-packages/airflow/example_dags/example_sensors.py for tasks to queue
[2025-08-07T21:56:06.982+0000] {logging_mixin.py:190} INFO - [2025-08-07T21:56:06.981+0000] {dagbag.py:588} INFO - Filling up the DagBag from /home/airflow/.local/lib/python3.12/site-packages/airflow/example_dags/example_sensors.py
[2025-08-07T21:56:07.033+0000] {processor.py:925} INFO - DAG(s) 'example_sensors' retrieved from /home/airflow/.local/lib/python3.12/site-packages/airflow/example_dags/example_sensors.py
[2025-08-07T21:56:08.556+0000] {logging_mixin.py:190} INFO - [2025-08-07T21:56:08.548+0000] {override.py:1900} INFO - Created Permission View: can delete on DAG:example_sensors
[2025-08-07T21:56:08.727+0000] {logging_mixin.py:190} INFO - [2025-08-07T21:56:08.726+0000] {override.py:1900} INFO - Created Permission View: can edit on DAG:example_sensors
[2025-08-07T21:56:08.803+0000] {logging_mixin.py:190} INFO - [2025-08-07T21:56:08.802+0000] {override.py:1900} INFO - Created Permission View: can read on DAG:example_sensors
[2025-08-07T21:56:08.841+0000] {logging_mixin.py:190} INFO - [2025-08-07T21:56:08.840+0000] {override.py:1900} INFO - Created Permission View: can delete on DAG Run:example_sensors
[2025-08-07T21:56:09.057+0000] {logging_mixin.py:190} INFO - [2025-08-07T21:56:09.056+0000] {override.py:1900} INFO - Created Permission View: can create on DAG Run:example_sensors
[2025-08-07T21:56:09.077+0000] {logging_mixin.py:190} INFO - [2025-08-07T21:56:09.076+0000] {override.py:1900} INFO - Created Permission View: menu access on DAG Run:example_sensors
[2025-08-07T21:56:09.136+0000] {logging_mixin.py:190} INFO - [2025-08-07T21:56:09.134+0000] {override.py:1900} INFO - Created Permission View: can read on DAG Run:example_sensors
[2025-08-07T21:56:09.151+0000] {logging_mixin.py:190} INFO - [2025-08-07T21:56:09.151+0000] {dag.py:3239} INFO - Sync 1 DAGs
[2025-08-07T21:56:09.819+0000] {logging_mixin.py:190} INFO - [2025-08-07T21:56:09.736+0000] {dag.py:3262} INFO - Creating ORM DAG for example_sensors
[2025-08-07T21:56:09.832+0000] {logging_mixin.py:190} INFO - [2025-08-07T21:56:09.832+0000] {dag.py:4180} INFO - Setting next_dagrun for example_sensors to None, run_after=None
[2025-08-07T21:56:10.201+0000] {processor.py:208} INFO - Processing /home/airflow/.local/lib/python3.12/site-packages/airflow/example_dags/example_sensors.py took 3.242 seconds
[2025-08-07T22:00:49.352+0000] {processor.py:186} INFO - Started process (PID=197) to work on /home/airflow/.local/lib/python3.12/site-packages/airflow/example_dags/example_sensors.py
[2025-08-07T22:00:49.355+0000] {processor.py:914} INFO - Processing file /home/airflow/.local/lib/python3.12/site-packages/airflow/example_dags/example_sensors.py for tasks to queue
[2025-08-07T22:00:49.363+0000] {logging_mixin.py:190} INFO - [2025-08-07T22:00:49.360+0000] {dagbag.py:588} INFO - Filling up the DagBag from /home/airflow/.local/lib/python3.12/site-packages/airflow/example_dags/example_sensors.py
[2025-08-07T22:00:49.408+0000] {processor.py:925} INFO - DAG(s) 'example_sensors' retrieved from /home/airflow/.local/lib/python3.12/site-packages/airflow/example_dags/example_sensors.py
[2025-08-07T22:00:49.532+0000] {logging_mixin.py:190} INFO - [2025-08-07T22:00:49.532+0000] {dag.py:3239} INFO - Sync 1 DAGs
[2025-08-07T22:00:49.595+0000] {logging_mixin.py:190} INFO - [2025-08-07T22:00:49.594+0000] {dag.py:4180} INFO - Setting next_dagrun for example_sensors to None, run_after=None
[2025-08-07T22:00:49.639+0000] {processor.py:208} INFO - Processing /home/airflow/.local/lib/python3.12/site-packages/airflow/example_dags/example_sensors.py took 0.307 seconds
