[2025-08-07T21:57:18.867+0000] {processor.py:186} INFO - Started process (PID=120) to work on /home/airflow/.local/lib/python3.12/site-packages/airflow/example_dags/example_complex.py
[2025-08-07T21:57:18.885+0000] {processor.py:914} INFO - Processing file /home/airflow/.local/lib/python3.12/site-packages/airflow/example_dags/example_complex.py for tasks to queue
[2025-08-07T21:57:19.038+0000] {logging_mixin.py:190} INFO - [2025-08-07T21:57:19.035+0000] {dagbag.py:588} INFO - Filling up the DagBag from /home/airflow/.local/lib/python3.12/site-packages/airflow/example_dags/example_complex.py
[2025-08-07T21:57:19.351+0000] {processor.py:925} INFO - DAG(s) 'example_complex' retrieved from /home/airflow/.local/lib/python3.12/site-packages/airflow/example_dags/example_complex.py
[2025-08-07T21:57:25.833+0000] {logging_mixin.py:190} INFO - [2025-08-07T21:57:25.282+0000] {override.py:1900} INFO - Created Permission View: can delete on DAG:example_complex
[2025-08-07T21:57:27.244+0000] {logging_mixin.py:190} INFO - [2025-08-07T21:57:27.179+0000] {override.py:1900} INFO - Created Permission View: can edit on DAG:example_complex
[2025-08-07T21:57:28.169+0000] {logging_mixin.py:190} INFO - [2025-08-07T21:57:28.132+0000] {override.py:1900} INFO - Created Permission View: can read on DAG:example_complex
[2025-08-07T21:57:29.136+0000] {logging_mixin.py:190} INFO - [2025-08-07T21:57:29.104+0000] {override.py:1900} INFO - Created Permission View: can delete on DAG Run:example_complex
[2025-08-07T21:57:29.933+0000] {logging_mixin.py:190} INFO - [2025-08-07T21:57:29.898+0000] {override.py:1900} INFO - Created Permission View: can create on DAG Run:example_complex
[2025-08-07T21:57:33.038+0000] {logging_mixin.py:190} INFO - [2025-08-07T21:57:32.854+0000] {override.py:1900} INFO - Created Permission View: menu access on DAG Run:example_complex
[2025-08-07T21:57:34.173+0000] {logging_mixin.py:190} INFO - [2025-08-07T21:57:34.170+0000] {override.py:1900} INFO - Created Permission View: can read on DAG Run:example_complex
[2025-08-07T21:57:34.210+0000] {logging_mixin.py:190} INFO - [2025-08-07T21:57:34.208+0000] {dag.py:3239} INFO - Sync 1 DAGs
[2025-08-07T21:57:35.931+0000] {logging_mixin.py:190} INFO - [2025-08-07T21:57:35.930+0000] {dag.py:3262} INFO - Creating ORM DAG for example_complex
[2025-08-07T21:57:36.005+0000] {logging_mixin.py:190} INFO - [2025-08-07T21:57:36.004+0000] {dag.py:4180} INFO - Setting next_dagrun for example_complex to None, run_after=None
[2025-08-07T21:57:36.793+0000] {processor.py:208} INFO - Processing /home/airflow/.local/lib/python3.12/site-packages/airflow/example_dags/example_complex.py took 18.443 seconds
[2025-08-07T22:00:51.938+0000] {processor.py:186} INFO - Started process (PID=211) to work on /home/airflow/.local/lib/python3.12/site-packages/airflow/example_dags/example_complex.py
[2025-08-07T22:00:51.943+0000] {processor.py:914} INFO - Processing file /home/airflow/.local/lib/python3.12/site-packages/airflow/example_dags/example_complex.py for tasks to queue
[2025-08-07T22:00:51.950+0000] {logging_mixin.py:190} INFO - [2025-08-07T22:00:51.950+0000] {dagbag.py:588} INFO - Filling up the DagBag from /home/airflow/.local/lib/python3.12/site-packages/airflow/example_dags/example_complex.py
[2025-08-07T22:00:51.986+0000] {processor.py:925} INFO - DAG(s) 'example_complex' retrieved from /home/airflow/.local/lib/python3.12/site-packages/airflow/example_dags/example_complex.py
[2025-08-07T22:00:52.079+0000] {logging_mixin.py:190} INFO - [2025-08-07T22:00:52.079+0000] {dag.py:3239} INFO - Sync 1 DAGs
[2025-08-07T22:00:52.115+0000] {logging_mixin.py:190} INFO - [2025-08-07T22:00:52.114+0000] {dag.py:4180} INFO - Setting next_dagrun for example_complex to None, run_after=None
[2025-08-07T22:00:52.159+0000] {processor.py:208} INFO - Processing /home/airflow/.local/lib/python3.12/site-packages/airflow/example_dags/example_complex.py took 0.234 seconds
