[2025-08-07T21:57:38.849+0000] {processor.py:186} INFO - Started process (PID=128) to work on /home/airflow/.local/lib/python3.12/site-packages/airflow/example_dags/example_sensor_decorator.py
[2025-08-07T21:57:38.857+0000] {processor.py:914} INFO - Processing file /home/airflow/.local/lib/python3.12/site-packages/airflow/example_dags/example_sensor_decorator.py for tasks to queue
[2025-08-07T21:57:38.892+0000] {logging_mixin.py:190} INFO - [2025-08-07T21:57:38.881+0000] {dagbag.py:588} INFO - Filling up the DagBag from /home/airflow/.local/lib/python3.12/site-packages/airflow/example_dags/example_sensor_decorator.py
[2025-08-07T21:57:38.961+0000] {processor.py:925} INFO - DAG(s) 'example_sensor_decorator' retrieved from /home/airflow/.local/lib/python3.12/site-packages/airflow/example_dags/example_sensor_decorator.py
[2025-08-07T21:57:46.218+0000] {logging_mixin.py:190} INFO - [2025-08-07T21:57:46.068+0000] {override.py:1900} INFO - Created Permission View: can delete on DAG:example_sensor_decorator
[2025-08-07T21:57:46.635+0000] {logging_mixin.py:190} INFO - [2025-08-07T21:57:46.626+0000] {override.py:1900} INFO - Created Permission View: can edit on DAG:example_sensor_decorator
[2025-08-07T21:57:46.767+0000] {logging_mixin.py:190} INFO - [2025-08-07T21:57:46.766+0000] {override.py:1900} INFO - Created Permission View: can read on DAG:example_sensor_decorator
[2025-08-07T21:57:46.826+0000] {logging_mixin.py:190} INFO - [2025-08-07T21:57:46.824+0000] {override.py:1900} INFO - Created Permission View: can delete on DAG Run:example_sensor_decorator
[2025-08-07T21:57:46.852+0000] {logging_mixin.py:190} INFO - [2025-08-07T21:57:46.850+0000] {override.py:1900} INFO - Created Permission View: can create on DAG Run:example_sensor_decorator
[2025-08-07T21:57:46.896+0000] {logging_mixin.py:190} INFO - [2025-08-07T21:57:46.894+0000] {override.py:1900} INFO - Created Permission View: menu access on DAG Run:example_sensor_decorator
[2025-08-07T21:57:47.050+0000] {logging_mixin.py:190} INFO - [2025-08-07T21:57:47.048+0000] {override.py:1900} INFO - Created Permission View: can read on DAG Run:example_sensor_decorator
[2025-08-07T21:57:47.060+0000] {logging_mixin.py:190} INFO - [2025-08-07T21:57:47.059+0000] {dag.py:3239} INFO - Sync 1 DAGs
[2025-08-07T21:57:47.815+0000] {logging_mixin.py:190} INFO - [2025-08-07T21:57:47.789+0000] {dag.py:3262} INFO - Creating ORM DAG for example_sensor_decorator
[2025-08-07T21:57:47.891+0000] {logging_mixin.py:190} INFO - [2025-08-07T21:57:47.871+0000] {dag.py:4180} INFO - Setting next_dagrun for example_sensor_decorator to None, run_after=None
[2025-08-07T21:57:48.182+0000] {processor.py:208} INFO - Processing /home/airflow/.local/lib/python3.12/site-packages/airflow/example_dags/example_sensor_decorator.py took 9.431 seconds
[2025-08-07T22:00:52.219+0000] {processor.py:186} INFO - Started process (PID=213) to work on /home/airflow/.local/lib/python3.12/site-packages/airflow/example_dags/example_sensor_decorator.py
[2025-08-07T22:00:52.223+0000] {processor.py:914} INFO - Processing file /home/airflow/.local/lib/python3.12/site-packages/airflow/example_dags/example_sensor_decorator.py for tasks to queue
[2025-08-07T22:00:52.229+0000] {logging_mixin.py:190} INFO - [2025-08-07T22:00:52.228+0000] {dagbag.py:588} INFO - Filling up the DagBag from /home/airflow/.local/lib/python3.12/site-packages/airflow/example_dags/example_sensor_decorator.py
[2025-08-07T22:00:52.248+0000] {processor.py:925} INFO - DAG(s) 'example_sensor_decorator' retrieved from /home/airflow/.local/lib/python3.12/site-packages/airflow/example_dags/example_sensor_decorator.py
[2025-08-07T22:00:52.326+0000] {logging_mixin.py:190} INFO - [2025-08-07T22:00:52.325+0000] {dag.py:3239} INFO - Sync 1 DAGs
[2025-08-07T22:00:52.384+0000] {logging_mixin.py:190} INFO - [2025-08-07T22:00:52.384+0000] {dag.py:4180} INFO - Setting next_dagrun for example_sensor_decorator to None, run_after=None
[2025-08-07T22:00:52.443+0000] {processor.py:208} INFO - Processing /home/airflow/.local/lib/python3.12/site-packages/airflow/example_dags/example_sensor_decorator.py took 0.236 seconds
