[2025-08-07T21:59:28.264+0000] {processor.py:186} INFO - Started process (PID=159) to work on /home/airflow/.local/lib/python3.12/site-packages/airflow/example_dags/example_external_task_marker_dag.py
[2025-08-07T21:59:28.276+0000] {processor.py:914} INFO - Processing file /home/airflow/.local/lib/python3.12/site-packages/airflow/example_dags/example_external_task_marker_dag.py for tasks to queue
[2025-08-07T21:59:28.323+0000] {logging_mixin.py:190} INFO - [2025-08-07T21:59:28.315+0000] {dagbag.py:588} INFO - Filling up the DagBag from /home/airflow/.local/lib/python3.12/site-packages/airflow/example_dags/example_external_task_marker_dag.py
[2025-08-07T21:59:28.529+0000] {processor.py:925} INFO - DAG(s) 'example_external_task_marker_parent', 'example_external_task_marker_child' retrieved from /home/airflow/.local/lib/python3.12/site-packages/airflow/example_dags/example_external_task_marker_dag.py
[2025-08-07T21:59:31.618+0000] {logging_mixin.py:190} INFO - [2025-08-07T21:59:31.593+0000] {override.py:1900} INFO - Created Permission View: can delete on DAG:example_external_task_marker_parent
[2025-08-07T21:59:31.802+0000] {logging_mixin.py:190} INFO - [2025-08-07T21:59:31.791+0000] {override.py:1900} INFO - Created Permission View: can edit on DAG:example_external_task_marker_parent
[2025-08-07T21:59:32.038+0000] {logging_mixin.py:190} INFO - [2025-08-07T21:59:32.035+0000] {override.py:1900} INFO - Created Permission View: can read on DAG:example_external_task_marker_parent
[2025-08-07T21:59:32.279+0000] {logging_mixin.py:190} INFO - [2025-08-07T21:59:32.277+0000] {override.py:1900} INFO - Created Permission View: can delete on DAG Run:example_external_task_marker_parent
[2025-08-07T21:59:32.305+0000] {logging_mixin.py:190} INFO - [2025-08-07T21:59:32.304+0000] {override.py:1900} INFO - Created Permission View: can create on DAG Run:example_external_task_marker_parent
[2025-08-07T21:59:32.338+0000] {logging_mixin.py:190} INFO - [2025-08-07T21:59:32.337+0000] {override.py:1900} INFO - Created Permission View: menu access on DAG Run:example_external_task_marker_parent
[2025-08-07T21:59:32.376+0000] {logging_mixin.py:190} INFO - [2025-08-07T21:59:32.374+0000] {override.py:1900} INFO - Created Permission View: can read on DAG Run:example_external_task_marker_parent
[2025-08-07T21:59:33.703+0000] {logging_mixin.py:190} INFO - [2025-08-07T21:59:33.698+0000] {override.py:1900} INFO - Created Permission View: can delete on DAG:example_external_task_marker_child
[2025-08-07T21:59:33.733+0000] {logging_mixin.py:190} INFO - [2025-08-07T21:59:33.732+0000] {override.py:1900} INFO - Created Permission View: can edit on DAG:example_external_task_marker_child
[2025-08-07T21:59:33.779+0000] {logging_mixin.py:190} INFO - [2025-08-07T21:59:33.778+0000] {override.py:1900} INFO - Created Permission View: can read on DAG:example_external_task_marker_child
[2025-08-07T21:59:33.810+0000] {logging_mixin.py:190} INFO - [2025-08-07T21:59:33.809+0000] {override.py:1900} INFO - Created Permission View: can delete on DAG Run:example_external_task_marker_child
[2025-08-07T21:59:33.834+0000] {logging_mixin.py:190} INFO - [2025-08-07T21:59:33.834+0000] {override.py:1900} INFO - Created Permission View: can create on DAG Run:example_external_task_marker_child
[2025-08-07T21:59:33.875+0000] {logging_mixin.py:190} INFO - [2025-08-07T21:59:33.873+0000] {override.py:1900} INFO - Created Permission View: menu access on DAG Run:example_external_task_marker_child
[2025-08-07T21:59:33.911+0000] {logging_mixin.py:190} INFO - [2025-08-07T21:59:33.910+0000] {override.py:1900} INFO - Created Permission View: can read on DAG Run:example_external_task_marker_child
[2025-08-07T21:59:33.917+0000] {logging_mixin.py:190} INFO - [2025-08-07T21:59:33.911+0000] {dag.py:3239} INFO - Sync 2 DAGs
[2025-08-07T21:59:34.047+0000] {logging_mixin.py:190} INFO - [2025-08-07T21:59:34.046+0000] {dag.py:3262} INFO - Creating ORM DAG for example_external_task_marker_parent
[2025-08-07T21:59:34.056+0000] {logging_mixin.py:190} INFO - [2025-08-07T21:59:34.055+0000] {dag.py:3262} INFO - Creating ORM DAG for example_external_task_marker_child
[2025-08-07T21:59:34.067+0000] {logging_mixin.py:190} INFO - [2025-08-07T21:59:34.066+0000] {dag.py:4180} INFO - Setting next_dagrun for example_external_task_marker_child to None, run_after=None
[2025-08-07T21:59:34.101+0000] {logging_mixin.py:190} INFO - [2025-08-07T21:59:34.097+0000] {dag.py:4180} INFO - Setting next_dagrun for example_external_task_marker_parent to None, run_after=None
[2025-08-07T21:59:35.028+0000] {processor.py:208} INFO - Processing /home/airflow/.local/lib/python3.12/site-packages/airflow/example_dags/example_external_task_marker_dag.py took 6.850 seconds
