[2025-08-07T21:56:15.171+0000] {processor.py:186} INFO - Started process (PID=96) to work on /home/airflow/.local/lib/python3.12/site-packages/airflow/example_dags/example_python_decorator.py
[2025-08-07T21:56:15.184+0000] {processor.py:914} INFO - Processing file /home/airflow/.local/lib/python3.12/site-packages/airflow/example_dags/example_python_decorator.py for tasks to queue
[2025-08-07T21:56:15.227+0000] {logging_mixin.py:190} INFO - [2025-08-07T21:56:15.225+0000] {dagbag.py:588} INFO - Filling up the DagBag from /home/airflow/.local/lib/python3.12/site-packages/airflow/example_dags/example_python_decorator.py
[2025-08-07T21:56:15.707+0000] {processor.py:925} INFO - DAG(s) 'example_python_decorator' retrieved from /home/airflow/.local/lib/python3.12/site-packages/airflow/example_dags/example_python_decorator.py
[2025-08-07T21:56:22.327+0000] {logging_mixin.py:190} INFO - [2025-08-07T21:56:22.295+0000] {override.py:1900} INFO - Created Permission View: can delete on DAG:example_python_decorator
[2025-08-07T21:56:22.902+0000] {logging_mixin.py:190} INFO - [2025-08-07T21:56:22.901+0000] {override.py:1900} INFO - Created Permission View: can edit on DAG:example_python_decorator
[2025-08-07T21:56:24.017+0000] {logging_mixin.py:190} INFO - [2025-08-07T21:56:24.014+0000] {override.py:1900} INFO - Created Permission View: can read on DAG:example_python_decorator
[2025-08-07T21:56:25.727+0000] {logging_mixin.py:190} INFO - [2025-08-07T21:56:25.671+0000] {override.py:1900} INFO - Created Permission View: can delete on DAG Run:example_python_decorator
[2025-08-07T21:56:25.823+0000] {logging_mixin.py:190} INFO - [2025-08-07T21:56:25.822+0000] {override.py:1900} INFO - Created Permission View: can create on DAG Run:example_python_decorator
[2025-08-07T21:56:25.857+0000] {logging_mixin.py:190} INFO - [2025-08-07T21:56:25.856+0000] {override.py:1900} INFO - Created Permission View: menu access on DAG Run:example_python_decorator
[2025-08-07T21:56:26.268+0000] {logging_mixin.py:190} INFO - [2025-08-07T21:56:26.160+0000] {override.py:1900} INFO - Created Permission View: can read on DAG Run:example_python_decorator
[2025-08-07T21:56:26.325+0000] {logging_mixin.py:190} INFO - [2025-08-07T21:56:26.323+0000] {dag.py:3239} INFO - Sync 1 DAGs
[2025-08-07T21:56:27.393+0000] {logging_mixin.py:190} INFO - [2025-08-07T21:56:27.391+0000] {dag.py:3262} INFO - Creating ORM DAG for example_python_decorator
[2025-08-07T21:56:27.497+0000] {logging_mixin.py:190} INFO - [2025-08-07T21:56:27.496+0000] {dag.py:4180} INFO - Setting next_dagrun for example_python_decorator to None, run_after=None
[2025-08-07T21:56:28.260+0000] {processor.py:208} INFO - Processing /home/airflow/.local/lib/python3.12/site-packages/airflow/example_dags/example_python_decorator.py took 13.517 seconds
[2025-08-07T22:00:49.862+0000] {processor.py:186} INFO - Started process (PID=200) to work on /home/airflow/.local/lib/python3.12/site-packages/airflow/example_dags/example_python_decorator.py
[2025-08-07T22:00:49.873+0000] {processor.py:914} INFO - Processing file /home/airflow/.local/lib/python3.12/site-packages/airflow/example_dags/example_python_decorator.py for tasks to queue
[2025-08-07T22:00:49.884+0000] {logging_mixin.py:190} INFO - [2025-08-07T22:00:49.881+0000] {dagbag.py:588} INFO - Filling up the DagBag from /home/airflow/.local/lib/python3.12/site-packages/airflow/example_dags/example_python_decorator.py
[2025-08-07T22:00:49.929+0000] {processor.py:925} INFO - DAG(s) 'example_python_decorator' retrieved from /home/airflow/.local/lib/python3.12/site-packages/airflow/example_dags/example_python_decorator.py
[2025-08-07T22:00:50.009+0000] {logging_mixin.py:190} INFO - [2025-08-07T22:00:50.008+0000] {dag.py:3239} INFO - Sync 1 DAGs
[2025-08-07T22:00:50.049+0000] {logging_mixin.py:190} INFO - [2025-08-07T22:00:50.049+0000] {dag.py:4180} INFO - Setting next_dagrun for example_python_decorator to None, run_after=None
[2025-08-07T22:00:50.111+0000] {processor.py:208} INFO - Processing /home/airflow/.local/lib/python3.12/site-packages/airflow/example_dags/example_python_decorator.py took 0.270 seconds
