[2025-08-07T21:59:50.182+0000] {processor.py:186} INFO - Started process (PID=164) to work on /home/airflow/.local/lib/python3.12/site-packages/airflow/example_dags/example_dataset_alias_with_no_taskflow.py
[2025-08-07T21:59:50.209+0000] {processor.py:914} INFO - Processing file /home/airflow/.local/lib/python3.12/site-packages/airflow/example_dags/example_dataset_alias_with_no_taskflow.py for tasks to queue
[2025-08-07T21:59:50.258+0000] {logging_mixin.py:190} INFO - [2025-08-07T21:59:50.256+0000] {dagbag.py:588} INFO - Filling up the DagBag from /home/airflow/.local/lib/python3.12/site-packages/airflow/example_dags/example_dataset_alias_with_no_taskflow.py
[2025-08-07T22:00:02.092+0000] {processor.py:925} INFO - DAG(s) 'dataset_s3_bucket_consumer_with_no_taskflow', 'dataset_alias_example_alias_producer_with_no_taskflow', 'dataset_s3_bucket_producer_with_no_taskflow', 'dataset_alias_example_alias_consumer_with_no_taskflow' retrieved from /home/airflow/.local/lib/python3.12/site-packages/airflow/example_dags/example_dataset_alias_with_no_taskflow.py
[2025-08-07T22:00:06.427+0000] {logging_mixin.py:190} INFO - [2025-08-07T22:00:06.332+0000] {override.py:1900} INFO - Created Permission View: can delete on DAG:dataset_s3_bucket_consumer_with_no_taskflow
[2025-08-07T22:00:06.535+0000] {logging_mixin.py:190} INFO - [2025-08-07T22:00:06.534+0000] {override.py:1900} INFO - Created Permission View: can edit on DAG:dataset_s3_bucket_consumer_with_no_taskflow
[2025-08-07T22:00:06.605+0000] {logging_mixin.py:190} INFO - [2025-08-07T22:00:06.604+0000] {override.py:1900} INFO - Created Permission View: can read on DAG:dataset_s3_bucket_consumer_with_no_taskflow
[2025-08-07T22:00:06.640+0000] {logging_mixin.py:190} INFO - [2025-08-07T22:00:06.636+0000] {override.py:1900} INFO - Created Permission View: can delete on DAG Run:dataset_s3_bucket_consumer_with_no_taskflow
[2025-08-07T22:00:06.662+0000] {logging_mixin.py:190} INFO - [2025-08-07T22:00:06.661+0000] {override.py:1900} INFO - Created Permission View: can create on DAG Run:dataset_s3_bucket_consumer_with_no_taskflow
[2025-08-07T22:00:06.690+0000] {logging_mixin.py:190} INFO - [2025-08-07T22:00:06.689+0000] {override.py:1900} INFO - Created Permission View: menu access on DAG Run:dataset_s3_bucket_consumer_with_no_taskflow
[2025-08-07T22:00:06.707+0000] {logging_mixin.py:190} INFO - [2025-08-07T22:00:06.706+0000] {override.py:1900} INFO - Created Permission View: can read on DAG Run:dataset_s3_bucket_consumer_with_no_taskflow
[2025-08-07T22:00:06.821+0000] {logging_mixin.py:190} INFO - [2025-08-07T22:00:06.821+0000] {override.py:1900} INFO - Created Permission View: can delete on DAG:dataset_alias_example_alias_producer_with_no_taskflow
[2025-08-07T22:00:06.859+0000] {logging_mixin.py:190} INFO - [2025-08-07T22:00:06.858+0000] {override.py:1900} INFO - Created Permission View: can edit on DAG:dataset_alias_example_alias_producer_with_no_taskflow
[2025-08-07T22:00:06.882+0000] {logging_mixin.py:190} INFO - [2025-08-07T22:00:06.881+0000] {override.py:1900} INFO - Created Permission View: can read on DAG:dataset_alias_example_alias_producer_with_no_taskflow
[2025-08-07T22:00:06.909+0000] {logging_mixin.py:190} INFO - [2025-08-07T22:00:06.908+0000] {override.py:1900} INFO - Created Permission View: can delete on DAG Run:dataset_alias_example_alias_producer_with_no_taskflow
[2025-08-07T22:00:06.976+0000] {logging_mixin.py:190} INFO - [2025-08-07T22:00:06.975+0000] {override.py:1900} INFO - Created Permission View: can create on DAG Run:dataset_alias_example_alias_producer_with_no_taskflow
[2025-08-07T22:00:07.047+0000] {logging_mixin.py:190} INFO - [2025-08-07T22:00:07.047+0000] {override.py:1900} INFO - Created Permission View: menu access on DAG Run:dataset_alias_example_alias_producer_with_no_taskflow
[2025-08-07T22:00:07.080+0000] {logging_mixin.py:190} INFO - [2025-08-07T22:00:07.080+0000] {override.py:1900} INFO - Created Permission View: can read on DAG Run:dataset_alias_example_alias_producer_with_no_taskflow
[2025-08-07T22:00:07.135+0000] {logging_mixin.py:190} INFO - [2025-08-07T22:00:07.134+0000] {override.py:1900} INFO - Created Permission View: can delete on DAG:dataset_s3_bucket_producer_with_no_taskflow
[2025-08-07T22:00:07.205+0000] {logging_mixin.py:190} INFO - [2025-08-07T22:00:07.202+0000] {override.py:1900} INFO - Created Permission View: can edit on DAG:dataset_s3_bucket_producer_with_no_taskflow
[2025-08-07T22:00:07.303+0000] {logging_mixin.py:190} INFO - [2025-08-07T22:00:07.303+0000] {override.py:1900} INFO - Created Permission View: can read on DAG:dataset_s3_bucket_producer_with_no_taskflow
[2025-08-07T22:00:07.365+0000] {logging_mixin.py:190} INFO - [2025-08-07T22:00:07.364+0000] {override.py:1900} INFO - Created Permission View: can delete on DAG Run:dataset_s3_bucket_producer_with_no_taskflow
[2025-08-07T22:00:07.399+0000] {logging_mixin.py:190} INFO - [2025-08-07T22:00:07.398+0000] {override.py:1900} INFO - Created Permission View: can create on DAG Run:dataset_s3_bucket_producer_with_no_taskflow
[2025-08-07T22:00:07.421+0000] {logging_mixin.py:190} INFO - [2025-08-07T22:00:07.421+0000] {override.py:1900} INFO - Created Permission View: menu access on DAG Run:dataset_s3_bucket_producer_with_no_taskflow
[2025-08-07T22:00:07.499+0000] {logging_mixin.py:190} INFO - [2025-08-07T22:00:07.498+0000] {override.py:1900} INFO - Created Permission View: can read on DAG Run:dataset_s3_bucket_producer_with_no_taskflow
[2025-08-07T22:00:07.550+0000] {logging_mixin.py:190} INFO - [2025-08-07T22:00:07.549+0000] {override.py:1900} INFO - Created Permission View: can delete on DAG:dataset_alias_example_alias_consumer_with_no_taskflow
[2025-08-07T22:00:07.586+0000] {logging_mixin.py:190} INFO - [2025-08-07T22:00:07.585+0000] {override.py:1900} INFO - Created Permission View: can edit on DAG:dataset_alias_example_alias_consumer_with_no_taskflow
[2025-08-07T22:00:07.609+0000] {logging_mixin.py:190} INFO - [2025-08-07T22:00:07.609+0000] {override.py:1900} INFO - Created Permission View: can read on DAG:dataset_alias_example_alias_consumer_with_no_taskflow
[2025-08-07T22:00:07.649+0000] {logging_mixin.py:190} INFO - [2025-08-07T22:00:07.648+0000] {override.py:1900} INFO - Created Permission View: can delete on DAG Run:dataset_alias_example_alias_consumer_with_no_taskflow
[2025-08-07T22:00:07.704+0000] {logging_mixin.py:190} INFO - [2025-08-07T22:00:07.704+0000] {override.py:1900} INFO - Created Permission View: can create on DAG Run:dataset_alias_example_alias_consumer_with_no_taskflow
[2025-08-07T22:00:07.729+0000] {logging_mixin.py:190} INFO - [2025-08-07T22:00:07.728+0000] {override.py:1900} INFO - Created Permission View: menu access on DAG Run:dataset_alias_example_alias_consumer_with_no_taskflow
[2025-08-07T22:00:07.820+0000] {logging_mixin.py:190} INFO - [2025-08-07T22:00:07.819+0000] {override.py:1900} INFO - Created Permission View: can read on DAG Run:dataset_alias_example_alias_consumer_with_no_taskflow
[2025-08-07T22:00:07.822+0000] {logging_mixin.py:190} INFO - [2025-08-07T22:00:07.821+0000] {dag.py:3239} INFO - Sync 4 DAGs
[2025-08-07T22:00:07.901+0000] {logging_mixin.py:190} INFO - [2025-08-07T22:00:07.900+0000] {dag.py:3262} INFO - Creating ORM DAG for dataset_alias_example_alias_consumer_with_no_taskflow
[2025-08-07T22:00:07.905+0000] {logging_mixin.py:190} INFO - [2025-08-07T22:00:07.905+0000] {dag.py:3262} INFO - Creating ORM DAG for dataset_alias_example_alias_producer_with_no_taskflow
[2025-08-07T22:00:07.919+0000] {logging_mixin.py:190} INFO - [2025-08-07T22:00:07.919+0000] {dag.py:3262} INFO - Creating ORM DAG for dataset_s3_bucket_consumer_with_no_taskflow
[2025-08-07T22:00:07.924+0000] {logging_mixin.py:190} INFO - [2025-08-07T22:00:07.921+0000] {dag.py:3262} INFO - Creating ORM DAG for dataset_s3_bucket_producer_with_no_taskflow
[2025-08-07T22:00:07.955+0000] {logging_mixin.py:190} INFO - [2025-08-07T22:00:07.955+0000] {dag.py:4180} INFO - Setting next_dagrun for dataset_alias_example_alias_consumer_with_no_taskflow to None, run_after=None
[2025-08-07T22:00:07.957+0000] {logging_mixin.py:190} INFO - [2025-08-07T22:00:07.957+0000] {dag.py:4180} INFO - Setting next_dagrun for dataset_alias_example_alias_producer_with_no_taskflow to None, run_after=None
[2025-08-07T22:00:07.962+0000] {logging_mixin.py:190} INFO - [2025-08-07T22:00:07.962+0000] {dag.py:4180} INFO - Setting next_dagrun for dataset_s3_bucket_consumer_with_no_taskflow to None, run_after=None
[2025-08-07T22:00:07.966+0000] {logging_mixin.py:190} INFO - [2025-08-07T22:00:07.965+0000] {dag.py:4180} INFO - Setting next_dagrun for dataset_s3_bucket_producer_with_no_taskflow to None, run_after=None
[2025-08-07T22:00:08.243+0000] {processor.py:208} INFO - Processing /home/airflow/.local/lib/python3.12/site-packages/airflow/example_dags/example_dataset_alias_with_no_taskflow.py took 18.347 seconds
