[2025-08-07T21:58:30.119+0000] {processor.py:186} INFO - Started process (PID=137) to work on /home/airflow/.local/lib/python3.12/site-packages/airflow/example_dags/example_subdag_operator.py
[2025-08-07T21:58:30.294+0000] {processor.py:914} INFO - Processing file /home/airflow/.local/lib/python3.12/site-packages/airflow/example_dags/example_subdag_operator.py for tasks to queue
[2025-08-07T21:58:30.653+0000] {logging_mixin.py:190} INFO - [2025-08-07T21:58:30.614+0000] {dagbag.py:588} INFO - Filling up the DagBag from /home/airflow/.local/lib/python3.12/site-packages/airflow/example_dags/example_subdag_operator.py
[2025-08-07T21:58:32.674+0000] {processor.py:925} INFO - DAG(s) 'example_subdag_operator.section-1', 'example_subdag_operator.section-2', 'example_subdag_operator' retrieved from /home/airflow/.local/lib/python3.12/site-packages/airflow/example_dags/example_subdag_operator.py
[2025-08-07T21:58:34.534+0000] {logging_mixin.py:190} INFO - [2025-08-07T21:58:34.525+0000] {override.py:1900} INFO - Created Permission View: can delete on DAG:example_subdag_operator
[2025-08-07T21:58:34.574+0000] {logging_mixin.py:190} INFO - [2025-08-07T21:58:34.573+0000] {override.py:1900} INFO - Created Permission View: can edit on DAG:example_subdag_operator
[2025-08-07T21:58:34.610+0000] {logging_mixin.py:190} INFO - [2025-08-07T21:58:34.609+0000] {override.py:1900} INFO - Created Permission View: can read on DAG:example_subdag_operator
[2025-08-07T21:58:34.782+0000] {logging_mixin.py:190} INFO - [2025-08-07T21:58:34.763+0000] {override.py:1900} INFO - Created Permission View: can delete on DAG Run:example_subdag_operator
[2025-08-07T21:58:34.916+0000] {logging_mixin.py:190} INFO - [2025-08-07T21:58:34.915+0000] {override.py:1900} INFO - Created Permission View: can create on DAG Run:example_subdag_operator
[2025-08-07T21:58:35.047+0000] {logging_mixin.py:190} INFO - [2025-08-07T21:58:35.046+0000] {override.py:1900} INFO - Created Permission View: menu access on DAG Run:example_subdag_operator
[2025-08-07T21:58:35.064+0000] {logging_mixin.py:190} INFO - [2025-08-07T21:58:35.063+0000] {override.py:1900} INFO - Created Permission View: can read on DAG Run:example_subdag_operator
[2025-08-07T21:58:35.066+0000] {logging_mixin.py:190} INFO - [2025-08-07T21:58:35.066+0000] {dag.py:3239} INFO - Sync 3 DAGs
[2025-08-07T21:58:35.361+0000] {logging_mixin.py:190} INFO - [2025-08-07T21:58:35.360+0000] {dag.py:3262} INFO - Creating ORM DAG for example_subdag_operator.section-1
[2025-08-07T21:58:35.363+0000] {logging_mixin.py:190} INFO - [2025-08-07T21:58:35.363+0000] {dag.py:3262} INFO - Creating ORM DAG for example_subdag_operator.section-2
[2025-08-07T21:58:35.365+0000] {logging_mixin.py:190} INFO - [2025-08-07T21:58:35.365+0000] {dag.py:3262} INFO - Creating ORM DAG for example_subdag_operator
[2025-08-07T21:58:35.507+0000] {logging_mixin.py:190} INFO - [2025-08-07T21:58:35.506+0000] {dag.py:4180} INFO - Setting next_dagrun for example_subdag_operator to 2022-01-01 00:00:00+00:00, run_after=2022-01-01 00:00:00+00:00
[2025-08-07T21:58:35.514+0000] {logging_mixin.py:190} INFO - [2025-08-07T21:58:35.513+0000] {dag.py:4180} INFO - Setting next_dagrun for example_subdag_operator.section-1 to None, run_after=None
[2025-08-07T21:58:35.516+0000] {logging_mixin.py:190} INFO - [2025-08-07T21:58:35.515+0000] {dag.py:4180} INFO - Setting next_dagrun for example_subdag_operator.section-2 to None, run_after=None
[2025-08-07T21:58:35.692+0000] {logging_mixin.py:190} INFO - [2025-08-07T21:58:35.692+0000] {dag.py:3239} INFO - Sync 2 DAGs
[2025-08-07T21:58:35.729+0000] {logging_mixin.py:190} INFO - [2025-08-07T21:58:35.728+0000] {dag.py:4180} INFO - Setting next_dagrun for example_subdag_operator.section-1 to None, run_after=None
[2025-08-07T21:58:35.979+0000] {logging_mixin.py:190} INFO - [2025-08-07T21:58:35.969+0000] {dag.py:4180} INFO - Setting next_dagrun for example_subdag_operator.section-2 to None, run_after=None
[2025-08-07T21:58:36.307+0000] {processor.py:208} INFO - Processing /home/airflow/.local/lib/python3.12/site-packages/airflow/example_dags/example_subdag_operator.py took 6.426 seconds
[2025-08-07T22:00:53.421+0000] {processor.py:186} INFO - Started process (PID=217) to work on /home/airflow/.local/lib/python3.12/site-packages/airflow/example_dags/example_subdag_operator.py
[2025-08-07T22:00:53.433+0000] {processor.py:914} INFO - Processing file /home/airflow/.local/lib/python3.12/site-packages/airflow/example_dags/example_subdag_operator.py for tasks to queue
[2025-08-07T22:00:53.458+0000] {logging_mixin.py:190} INFO - [2025-08-07T22:00:53.456+0000] {dagbag.py:588} INFO - Filling up the DagBag from /home/airflow/.local/lib/python3.12/site-packages/airflow/example_dags/example_subdag_operator.py
[2025-08-07T22:00:53.564+0000] {processor.py:925} INFO - DAG(s) 'example_subdag_operator.section-1', 'example_subdag_operator.section-2', 'example_subdag_operator' retrieved from /home/airflow/.local/lib/python3.12/site-packages/airflow/example_dags/example_subdag_operator.py
[2025-08-07T22:00:53.621+0000] {logging_mixin.py:190} INFO - [2025-08-07T22:00:53.620+0000] {dag.py:3239} INFO - Sync 3 DAGs
[2025-08-07T22:00:53.765+0000] {logging_mixin.py:190} INFO - [2025-08-07T22:00:53.758+0000] {dag.py:4180} INFO - Setting next_dagrun for example_subdag_operator to 2022-01-01 00:00:00+00:00, run_after=2022-01-01 00:00:00+00:00
[2025-08-07T22:00:53.801+0000] {logging_mixin.py:190} INFO - [2025-08-07T22:00:53.801+0000] {dag.py:4180} INFO - Setting next_dagrun for example_subdag_operator.section-1 to None, run_after=None
[2025-08-07T22:00:53.816+0000] {logging_mixin.py:190} INFO - [2025-08-07T22:00:53.815+0000] {dag.py:4180} INFO - Setting next_dagrun for example_subdag_operator.section-2 to None, run_after=None
[2025-08-07T22:00:53.881+0000] {logging_mixin.py:190} INFO - [2025-08-07T22:00:53.880+0000] {dag.py:3239} INFO - Sync 2 DAGs
[2025-08-07T22:00:53.945+0000] {logging_mixin.py:190} INFO - [2025-08-07T22:00:53.944+0000] {dag.py:4180} INFO - Setting next_dagrun for example_subdag_operator.section-1 to None, run_after=None
[2025-08-07T22:00:53.958+0000] {logging_mixin.py:190} INFO - [2025-08-07T22:00:53.954+0000] {dag.py:4180} INFO - Setting next_dagrun for example_subdag_operator.section-2 to None, run_after=None
[2025-08-07T22:00:54.075+0000] {processor.py:208} INFO - Processing /home/airflow/.local/lib/python3.12/site-packages/airflow/example_dags/example_subdag_operator.py took 0.677 seconds
