[2025-08-07T22:00:24.832+0000] {processor.py:186} INFO - Started process (PID=172) to work on /home/airflow/.local/lib/python3.12/site-packages/airflow/example_dags/example_branch_datetime_operator.py
[2025-08-07T22:00:24.916+0000] {processor.py:914} INFO - Processing file /home/airflow/.local/lib/python3.12/site-packages/airflow/example_dags/example_branch_datetime_operator.py for tasks to queue
[2025-08-07T22:00:24.996+0000] {logging_mixin.py:190} INFO - [2025-08-07T22:00:24.994+0000] {dagbag.py:588} INFO - Filling up the DagBag from /home/airflow/.local/lib/python3.12/site-packages/airflow/example_dags/example_branch_datetime_operator.py
[2025-08-07T22:00:26.289+0000] {processor.py:925} INFO - DAG(s) 'example_branch_datetime_operator', 'example_branch_datetime_operator_3', 'example_branch_datetime_operator_2' retrieved from /home/airflow/.local/lib/python3.12/site-packages/airflow/example_dags/example_branch_datetime_operator.py
[2025-08-07T22:00:37.741+0000] {logging_mixin.py:190} INFO - [2025-08-07T22:00:37.696+0000] {override.py:1900} INFO - Created Permission View: can delete on DAG:example_branch_datetime_operator
[2025-08-07T22:00:37.946+0000] {logging_mixin.py:190} INFO - [2025-08-07T22:00:37.945+0000] {override.py:1900} INFO - Created Permission View: can edit on DAG:example_branch_datetime_operator
[2025-08-07T22:00:38.015+0000] {logging_mixin.py:190} INFO - [2025-08-07T22:00:38.014+0000] {override.py:1900} INFO - Created Permission View: can read on DAG:example_branch_datetime_operator
[2025-08-07T22:00:38.171+0000] {logging_mixin.py:190} INFO - [2025-08-07T22:00:38.170+0000] {override.py:1900} INFO - Created Permission View: can delete on DAG Run:example_branch_datetime_operator
[2025-08-07T22:00:38.247+0000] {logging_mixin.py:190} INFO - [2025-08-07T22:00:38.246+0000] {override.py:1900} INFO - Created Permission View: can create on DAG Run:example_branch_datetime_operator
[2025-08-07T22:00:38.505+0000] {logging_mixin.py:190} INFO - [2025-08-07T22:00:38.505+0000] {override.py:1900} INFO - Created Permission View: menu access on DAG Run:example_branch_datetime_operator
[2025-08-07T22:00:38.633+0000] {logging_mixin.py:190} INFO - [2025-08-07T22:00:38.632+0000] {override.py:1900} INFO - Created Permission View: can read on DAG Run:example_branch_datetime_operator
[2025-08-07T22:00:38.988+0000] {logging_mixin.py:190} INFO - [2025-08-07T22:00:38.987+0000] {override.py:1900} INFO - Created Permission View: can delete on DAG:example_branch_datetime_operator_3
[2025-08-07T22:00:39.021+0000] {logging_mixin.py:190} INFO - [2025-08-07T22:00:39.020+0000] {override.py:1900} INFO - Created Permission View: can edit on DAG:example_branch_datetime_operator_3
[2025-08-07T22:00:39.050+0000] {logging_mixin.py:190} INFO - [2025-08-07T22:00:39.048+0000] {override.py:1900} INFO - Created Permission View: can read on DAG:example_branch_datetime_operator_3
[2025-08-07T22:00:39.211+0000] {logging_mixin.py:190} INFO - [2025-08-07T22:00:39.187+0000] {override.py:1900} INFO - Created Permission View: can delete on DAG Run:example_branch_datetime_operator_3
[2025-08-07T22:00:39.295+0000] {logging_mixin.py:190} INFO - [2025-08-07T22:00:39.295+0000] {override.py:1900} INFO - Created Permission View: can create on DAG Run:example_branch_datetime_operator_3
[2025-08-07T22:00:39.370+0000] {logging_mixin.py:190} INFO - [2025-08-07T22:00:39.369+0000] {override.py:1900} INFO - Created Permission View: menu access on DAG Run:example_branch_datetime_operator_3
[2025-08-07T22:00:39.454+0000] {logging_mixin.py:190} INFO - [2025-08-07T22:00:39.451+0000] {override.py:1900} INFO - Created Permission View: can read on DAG Run:example_branch_datetime_operator_3
[2025-08-07T22:00:39.594+0000] {logging_mixin.py:190} INFO - [2025-08-07T22:00:39.593+0000] {override.py:1900} INFO - Created Permission View: can delete on DAG:example_branch_datetime_operator_2
[2025-08-07T22:00:39.616+0000] {logging_mixin.py:190} INFO - [2025-08-07T22:00:39.616+0000] {override.py:1900} INFO - Created Permission View: can edit on DAG:example_branch_datetime_operator_2
[2025-08-07T22:00:39.644+0000] {logging_mixin.py:190} INFO - [2025-08-07T22:00:39.643+0000] {override.py:1900} INFO - Created Permission View: can read on DAG:example_branch_datetime_operator_2
[2025-08-07T22:00:39.660+0000] {logging_mixin.py:190} INFO - [2025-08-07T22:00:39.659+0000] {override.py:1900} INFO - Created Permission View: can delete on DAG Run:example_branch_datetime_operator_2
[2025-08-07T22:00:39.723+0000] {logging_mixin.py:190} INFO - [2025-08-07T22:00:39.722+0000] {override.py:1900} INFO - Created Permission View: can create on DAG Run:example_branch_datetime_operator_2
[2025-08-07T22:00:39.818+0000] {logging_mixin.py:190} INFO - [2025-08-07T22:00:39.818+0000] {override.py:1900} INFO - Created Permission View: menu access on DAG Run:example_branch_datetime_operator_2
[2025-08-07T22:00:39.991+0000] {logging_mixin.py:190} INFO - [2025-08-07T22:00:39.990+0000] {override.py:1900} INFO - Created Permission View: can read on DAG Run:example_branch_datetime_operator_2
[2025-08-07T22:00:40.002+0000] {logging_mixin.py:190} INFO - [2025-08-07T22:00:40.001+0000] {dag.py:3239} INFO - Sync 3 DAGs
[2025-08-07T22:00:40.219+0000] {logging_mixin.py:190} INFO - [2025-08-07T22:00:40.218+0000] {dag.py:3262} INFO - Creating ORM DAG for example_branch_datetime_operator_3
[2025-08-07T22:00:40.226+0000] {logging_mixin.py:190} INFO - [2025-08-07T22:00:40.225+0000] {dag.py:3262} INFO - Creating ORM DAG for example_branch_datetime_operator
[2025-08-07T22:00:40.230+0000] {logging_mixin.py:190} INFO - [2025-08-07T22:00:40.229+0000] {dag.py:3262} INFO - Creating ORM DAG for example_branch_datetime_operator_2
[2025-08-07T22:00:40.476+0000] {logging_mixin.py:190} INFO - [2025-08-07T22:00:40.473+0000] {dag.py:4180} INFO - Setting next_dagrun for example_branch_datetime_operator to 2025-08-06 00:00:00+00:00, run_after=2025-08-07 00:00:00+00:00
[2025-08-07T22:00:40.484+0000] {logging_mixin.py:190} INFO - [2025-08-07T22:00:40.484+0000] {dag.py:4180} INFO - Setting next_dagrun for example_branch_datetime_operator_2 to 2025-08-06 00:00:00+00:00, run_after=2025-08-07 00:00:00+00:00
[2025-08-07T22:00:40.512+0000] {logging_mixin.py:190} INFO - [2025-08-07T22:00:40.512+0000] {dag.py:4180} INFO - Setting next_dagrun for example_branch_datetime_operator_3 to 2025-08-06 00:00:00+00:00, run_after=2025-08-07 00:00:00+00:00
[2025-08-07T22:00:40.731+0000] {processor.py:208} INFO - Processing /home/airflow/.local/lib/python3.12/site-packages/airflow/example_dags/example_branch_datetime_operator.py took 16.293 seconds
