[2025-08-07T21:56:00.485+0000] {processor.py:186} INFO - Started process (PID=84) to work on /home/airflow/.local/lib/python3.12/site-packages/airflow/example_dags/example_branch_labels.py
[2025-08-07T21:56:00.513+0000] {processor.py:914} INFO - Processing file /home/airflow/.local/lib/python3.12/site-packages/airflow/example_dags/example_branch_labels.py for tasks to queue
[2025-08-07T21:56:00.535+0000] {logging_mixin.py:190} INFO - [2025-08-07T21:56:00.533+0000] {dagbag.py:588} INFO - Filling up the DagBag from /home/airflow/.local/lib/python3.12/site-packages/airflow/example_dags/example_branch_labels.py
[2025-08-07T21:56:00.864+0000] {processor.py:925} INFO - DAG(s) 'example_branch_labels' retrieved from /home/airflow/.local/lib/python3.12/site-packages/airflow/example_dags/example_branch_labels.py
[2025-08-07T21:56:02.994+0000] {logging_mixin.py:190} INFO - [2025-08-07T21:56:02.986+0000] {override.py:1900} INFO - Created Permission View: can delete on DAG:example_branch_labels
[2025-08-07T21:56:03.109+0000] {logging_mixin.py:190} INFO - [2025-08-07T21:56:03.108+0000] {override.py:1900} INFO - Created Permission View: can edit on DAG:example_branch_labels
[2025-08-07T21:56:03.184+0000] {logging_mixin.py:190} INFO - [2025-08-07T21:56:03.183+0000] {override.py:1900} INFO - Created Permission View: can read on DAG:example_branch_labels
[2025-08-07T21:56:03.283+0000] {logging_mixin.py:190} INFO - [2025-08-07T21:56:03.283+0000] {override.py:1900} INFO - Created Permission View: can delete on DAG Run:example_branch_labels
[2025-08-07T21:56:03.493+0000] {logging_mixin.py:190} INFO - [2025-08-07T21:56:03.445+0000] {override.py:1900} INFO - Created Permission View: can create on DAG Run:example_branch_labels
[2025-08-07T21:56:03.573+0000] {logging_mixin.py:190} INFO - [2025-08-07T21:56:03.572+0000] {override.py:1900} INFO - Created Permission View: menu access on DAG Run:example_branch_labels
[2025-08-07T21:56:03.759+0000] {logging_mixin.py:190} INFO - [2025-08-07T21:56:03.758+0000] {override.py:1900} INFO - Created Permission View: can read on DAG Run:example_branch_labels
[2025-08-07T21:56:03.777+0000] {logging_mixin.py:190} INFO - [2025-08-07T21:56:03.776+0000] {dag.py:3239} INFO - Sync 1 DAGs
[2025-08-07T21:56:04.726+0000] {logging_mixin.py:190} INFO - [2025-08-07T21:56:04.722+0000] {dag.py:3262} INFO - Creating ORM DAG for example_branch_labels
[2025-08-07T21:56:04.912+0000] {logging_mixin.py:190} INFO - [2025-08-07T21:56:04.906+0000] {dag.py:4180} INFO - Setting next_dagrun for example_branch_labels to 2025-08-06 00:00:00+00:00, run_after=2025-08-07 00:00:00+00:00
[2025-08-07T21:56:05.052+0000] {processor.py:208} INFO - Processing /home/airflow/.local/lib/python3.12/site-packages/airflow/example_dags/example_branch_labels.py took 4.847 seconds
[2025-08-07T22:00:48.798+0000] {processor.py:186} INFO - Started process (PID=194) to work on /home/airflow/.local/lib/python3.12/site-packages/airflow/example_dags/example_branch_labels.py
[2025-08-07T22:00:48.800+0000] {processor.py:914} INFO - Processing file /home/airflow/.local/lib/python3.12/site-packages/airflow/example_dags/example_branch_labels.py for tasks to queue
[2025-08-07T22:00:48.805+0000] {logging_mixin.py:190} INFO - [2025-08-07T22:00:48.805+0000] {dagbag.py:588} INFO - Filling up the DagBag from /home/airflow/.local/lib/python3.12/site-packages/airflow/example_dags/example_branch_labels.py
[2025-08-07T22:00:48.854+0000] {processor.py:925} INFO - DAG(s) 'example_branch_labels' retrieved from /home/airflow/.local/lib/python3.12/site-packages/airflow/example_dags/example_branch_labels.py
[2025-08-07T22:00:48.909+0000] {logging_mixin.py:190} INFO - [2025-08-07T22:00:48.909+0000] {dag.py:3239} INFO - Sync 1 DAGs
[2025-08-07T22:00:49.023+0000] {logging_mixin.py:190} INFO - [2025-08-07T22:00:49.023+0000] {dag.py:4180} INFO - Setting next_dagrun for example_branch_labels to 2025-08-06 00:00:00+00:00, run_after=2025-08-07 00:00:00+00:00
[2025-08-07T22:00:49.078+0000] {processor.py:208} INFO - Processing /home/airflow/.local/lib/python3.12/site-packages/airflow/example_dags/example_branch_labels.py took 0.298 seconds
