[2025-08-07T21:55:57.623+0000] {processor.py:186} INFO - Started process (PID=83) to work on /home/airflow/.local/lib/python3.12/site-packages/airflow/example_dags/example_branch_operator.py
[2025-08-07T21:55:57.796+0000] {processor.py:914} INFO - Processing file /home/airflow/.local/lib/python3.12/site-packages/airflow/example_dags/example_branch_operator.py for tasks to queue
[2025-08-07T21:55:58.070+0000] {logging_mixin.py:190} INFO - [2025-08-07T21:55:57.941+0000] {dagbag.py:588} INFO - Filling up the DagBag from /home/airflow/.local/lib/python3.12/site-packages/airflow/example_dags/example_branch_operator.py
[2025-08-07T21:56:00.525+0000] {processor.py:925} INFO - DAG(s) 'example_branch_operator' retrieved from /home/airflow/.local/lib/python3.12/site-packages/airflow/example_dags/example_branch_operator.py
[2025-08-07T21:56:03.186+0000] {logging_mixin.py:190} INFO - [2025-08-07T21:56:03.107+0000] {override.py:1900} INFO - Created Permission View: can delete on DAG:example_branch_operator
[2025-08-07T21:56:03.274+0000] {logging_mixin.py:190} INFO - [2025-08-07T21:56:03.273+0000] {override.py:1900} INFO - Created Permission View: can edit on DAG:example_branch_operator
[2025-08-07T21:56:03.350+0000] {logging_mixin.py:190} INFO - [2025-08-07T21:56:03.349+0000] {override.py:1900} INFO - Created Permission View: can read on DAG:example_branch_operator
[2025-08-07T21:56:03.411+0000] {logging_mixin.py:190} INFO - [2025-08-07T21:56:03.410+0000] {override.py:1900} INFO - Created Permission View: can delete on DAG Run:example_branch_operator
[2025-08-07T21:56:03.474+0000] {logging_mixin.py:190} INFO - [2025-08-07T21:56:03.468+0000] {override.py:1900} INFO - Created Permission View: can create on DAG Run:example_branch_operator
[2025-08-07T21:56:03.511+0000] {logging_mixin.py:190} INFO - [2025-08-07T21:56:03.510+0000] {override.py:1900} INFO - Created Permission View: menu access on DAG Run:example_branch_operator
[2025-08-07T21:56:03.671+0000] {logging_mixin.py:190} INFO - [2025-08-07T21:56:03.664+0000] {override.py:1900} INFO - Created Permission View: can read on DAG Run:example_branch_operator
[2025-08-07T21:56:03.688+0000] {logging_mixin.py:190} INFO - [2025-08-07T21:56:03.686+0000] {dag.py:3239} INFO - Sync 1 DAGs
[2025-08-07T21:56:04.772+0000] {logging_mixin.py:190} INFO - [2025-08-07T21:56:04.768+0000] {dag.py:3262} INFO - Creating ORM DAG for example_branch_operator
[2025-08-07T21:56:04.974+0000] {logging_mixin.py:190} INFO - [2025-08-07T21:56:04.972+0000] {dag.py:4180} INFO - Setting next_dagrun for example_branch_operator to 2025-08-06 00:00:00+00:00, run_after=2025-08-07 00:00:00+00:00
[2025-08-07T21:56:05.158+0000] {processor.py:208} INFO - Processing /home/airflow/.local/lib/python3.12/site-packages/airflow/example_dags/example_branch_operator.py took 8.508 seconds
[2025-08-07T22:00:48.297+0000] {processor.py:186} INFO - Started process (PID=193) to work on /home/airflow/.local/lib/python3.12/site-packages/airflow/example_dags/example_branch_operator.py
[2025-08-07T22:00:48.317+0000] {processor.py:914} INFO - Processing file /home/airflow/.local/lib/python3.12/site-packages/airflow/example_dags/example_branch_operator.py for tasks to queue
[2025-08-07T22:00:48.330+0000] {logging_mixin.py:190} INFO - [2025-08-07T22:00:48.330+0000] {dagbag.py:588} INFO - Filling up the DagBag from /home/airflow/.local/lib/python3.12/site-packages/airflow/example_dags/example_branch_operator.py
[2025-08-07T22:00:48.470+0000] {processor.py:925} INFO - DAG(s) 'example_branch_operator' retrieved from /home/airflow/.local/lib/python3.12/site-packages/airflow/example_dags/example_branch_operator.py
[2025-08-07T22:00:48.588+0000] {logging_mixin.py:190} INFO - [2025-08-07T22:00:48.588+0000] {dag.py:3239} INFO - Sync 1 DAGs
[2025-08-07T22:00:48.714+0000] {logging_mixin.py:190} INFO - [2025-08-07T22:00:48.714+0000] {dag.py:4180} INFO - Setting next_dagrun for example_branch_operator to 2025-08-06 00:00:00+00:00, run_after=2025-08-07 00:00:00+00:00
[2025-08-07T22:00:48.775+0000] {processor.py:208} INFO - Processing /home/airflow/.local/lib/python3.12/site-packages/airflow/example_dags/example_branch_operator.py took 0.502 seconds
