[2025-08-07T21:57:08.144+0000] {processor.py:186} INFO - Started process (PID=118) to work on /home/airflow/.local/lib/python3.12/site-packages/airflow/example_dags/example_short_circuit_operator.py
[2025-08-07T21:57:08.170+0000] {processor.py:914} INFO - Processing file /home/airflow/.local/lib/python3.12/site-packages/airflow/example_dags/example_short_circuit_operator.py for tasks to queue
[2025-08-07T21:57:08.190+0000] {logging_mixin.py:190} INFO - [2025-08-07T21:57:08.189+0000] {dagbag.py:588} INFO - Filling up the DagBag from /home/airflow/.local/lib/python3.12/site-packages/airflow/example_dags/example_short_circuit_operator.py
[2025-08-07T21:57:08.503+0000] {processor.py:925} INFO - DAG(s) 'example_short_circuit_operator' retrieved from /home/airflow/.local/lib/python3.12/site-packages/airflow/example_dags/example_short_circuit_operator.py
[2025-08-07T21:57:12.235+0000] {logging_mixin.py:190} INFO - [2025-08-07T21:57:12.198+0000] {override.py:1900} INFO - Created Permission View: can delete on DAG:example_short_circuit_operator
[2025-08-07T21:57:12.863+0000] {logging_mixin.py:190} INFO - [2025-08-07T21:57:12.860+0000] {override.py:1900} INFO - Created Permission View: can edit on DAG:example_short_circuit_operator
[2025-08-07T21:57:12.925+0000] {logging_mixin.py:190} INFO - [2025-08-07T21:57:12.918+0000] {override.py:1900} INFO - Created Permission View: can read on DAG:example_short_circuit_operator
[2025-08-07T21:57:12.961+0000] {logging_mixin.py:190} INFO - [2025-08-07T21:57:12.960+0000] {override.py:1900} INFO - Created Permission View: can delete on DAG Run:example_short_circuit_operator
[2025-08-07T21:57:12.984+0000] {logging_mixin.py:190} INFO - [2025-08-07T21:57:12.983+0000] {override.py:1900} INFO - Created Permission View: can create on DAG Run:example_short_circuit_operator
[2025-08-07T21:57:13.022+0000] {logging_mixin.py:190} INFO - [2025-08-07T21:57:13.020+0000] {override.py:1900} INFO - Created Permission View: menu access on DAG Run:example_short_circuit_operator
[2025-08-07T21:57:13.173+0000] {logging_mixin.py:190} INFO - [2025-08-07T21:57:13.172+0000] {override.py:1900} INFO - Created Permission View: can read on DAG Run:example_short_circuit_operator
[2025-08-07T21:57:13.213+0000] {logging_mixin.py:190} INFO - [2025-08-07T21:57:13.212+0000] {dag.py:3239} INFO - Sync 1 DAGs
[2025-08-07T21:57:14.076+0000] {logging_mixin.py:190} INFO - [2025-08-07T21:57:14.064+0000] {dag.py:3262} INFO - Creating ORM DAG for example_short_circuit_operator
[2025-08-07T21:57:15.217+0000] {logging_mixin.py:190} INFO - [2025-08-07T21:57:15.214+0000] {dag.py:4180} INFO - Setting next_dagrun for example_short_circuit_operator to None, run_after=None
[2025-08-07T21:57:16.510+0000] {processor.py:208} INFO - Processing /home/airflow/.local/lib/python3.12/site-packages/airflow/example_dags/example_short_circuit_operator.py took 8.464 seconds
[2025-08-07T22:00:51.507+0000] {processor.py:186} INFO - Started process (PID=209) to work on /home/airflow/.local/lib/python3.12/site-packages/airflow/example_dags/example_short_circuit_operator.py
[2025-08-07T22:00:51.512+0000] {processor.py:914} INFO - Processing file /home/airflow/.local/lib/python3.12/site-packages/airflow/example_dags/example_short_circuit_operator.py for tasks to queue
[2025-08-07T22:00:51.528+0000] {logging_mixin.py:190} INFO - [2025-08-07T22:00:51.523+0000] {dagbag.py:588} INFO - Filling up the DagBag from /home/airflow/.local/lib/python3.12/site-packages/airflow/example_dags/example_short_circuit_operator.py
[2025-08-07T22:00:51.564+0000] {processor.py:925} INFO - DAG(s) 'example_short_circuit_operator' retrieved from /home/airflow/.local/lib/python3.12/site-packages/airflow/example_dags/example_short_circuit_operator.py
[2025-08-07T22:00:51.638+0000] {logging_mixin.py:190} INFO - [2025-08-07T22:00:51.637+0000] {dag.py:3239} INFO - Sync 1 DAGs
[2025-08-07T22:00:51.702+0000] {logging_mixin.py:190} INFO - [2025-08-07T22:00:51.701+0000] {dag.py:4180} INFO - Setting next_dagrun for example_short_circuit_operator to None, run_after=None
[2025-08-07T22:00:51.760+0000] {processor.py:208} INFO - Processing /home/airflow/.local/lib/python3.12/site-packages/airflow/example_dags/example_short_circuit_operator.py took 0.272 seconds
