[2025-08-07T21:56:32.933+0000] {processor.py:186} INFO - Started process (PID=99) to work on /home/airflow/.local/lib/python3.12/site-packages/airflow/example_dags/example_inlet_event_extra.py
[2025-08-07T21:56:32.962+0000] {processor.py:914} INFO - Processing file /home/airflow/.local/lib/python3.12/site-packages/airflow/example_dags/example_inlet_event_extra.py for tasks to queue
[2025-08-07T21:56:33.030+0000] {logging_mixin.py:190} INFO - [2025-08-07T21:56:33.025+0000] {dagbag.py:588} INFO - Filling up the DagBag from /home/airflow/.local/lib/python3.12/site-packages/airflow/example_dags/example_inlet_event_extra.py
[2025-08-07T21:56:40.420+0000] {processor.py:925} INFO - DAG(s) 'read_dataset_event_from_classic', 'read_dataset_event' retrieved from /home/airflow/.local/lib/python3.12/site-packages/airflow/example_dags/example_inlet_event_extra.py
[2025-08-07T21:56:44.909+0000] {logging_mixin.py:190} INFO - [2025-08-07T21:56:44.711+0000] {override.py:1900} INFO - Created Permission View: can delete on DAG:read_dataset_event_from_classic
[2025-08-07T21:56:45.196+0000] {logging_mixin.py:190} INFO - [2025-08-07T21:56:45.178+0000] {override.py:1900} INFO - Created Permission View: can edit on DAG:read_dataset_event_from_classic
[2025-08-07T21:56:45.266+0000] {logging_mixin.py:190} INFO - [2025-08-07T21:56:45.265+0000] {override.py:1900} INFO - Created Permission View: can read on DAG:read_dataset_event_from_classic
[2025-08-07T21:56:45.308+0000] {logging_mixin.py:190} INFO - [2025-08-07T21:56:45.307+0000] {override.py:1900} INFO - Created Permission View: can delete on DAG Run:read_dataset_event_from_classic
[2025-08-07T21:56:45.343+0000] {logging_mixin.py:190} INFO - [2025-08-07T21:56:45.342+0000] {override.py:1900} INFO - Created Permission View: can create on DAG Run:read_dataset_event_from_classic
[2025-08-07T21:56:45.381+0000] {logging_mixin.py:190} INFO - [2025-08-07T21:56:45.380+0000] {override.py:1900} INFO - Created Permission View: menu access on DAG Run:read_dataset_event_from_classic
[2025-08-07T21:56:45.457+0000] {logging_mixin.py:190} INFO - [2025-08-07T21:56:45.456+0000] {override.py:1900} INFO - Created Permission View: can read on DAG Run:read_dataset_event_from_classic
[2025-08-07T21:56:46.238+0000] {logging_mixin.py:190} INFO - [2025-08-07T21:56:46.184+0000] {override.py:1900} INFO - Created Permission View: can delete on DAG:read_dataset_event
[2025-08-07T21:56:46.892+0000] {logging_mixin.py:190} INFO - [2025-08-07T21:56:46.890+0000] {override.py:1900} INFO - Created Permission View: can edit on DAG:read_dataset_event
[2025-08-07T21:56:47.002+0000] {logging_mixin.py:190} INFO - [2025-08-07T21:56:47.001+0000] {override.py:1900} INFO - Created Permission View: can read on DAG:read_dataset_event
[2025-08-07T21:56:47.058+0000] {logging_mixin.py:190} INFO - [2025-08-07T21:56:47.056+0000] {override.py:1900} INFO - Created Permission View: can delete on DAG Run:read_dataset_event
[2025-08-07T21:56:47.219+0000] {logging_mixin.py:190} INFO - [2025-08-07T21:56:47.217+0000] {override.py:1900} INFO - Created Permission View: can create on DAG Run:read_dataset_event
[2025-08-07T21:56:47.252+0000] {logging_mixin.py:190} INFO - [2025-08-07T21:56:47.251+0000] {override.py:1900} INFO - Created Permission View: menu access on DAG Run:read_dataset_event
[2025-08-07T21:56:47.302+0000] {logging_mixin.py:190} INFO - [2025-08-07T21:56:47.300+0000] {override.py:1900} INFO - Created Permission View: can read on DAG Run:read_dataset_event
[2025-08-07T21:56:47.314+0000] {logging_mixin.py:190} INFO - [2025-08-07T21:56:47.311+0000] {dag.py:3239} INFO - Sync 2 DAGs
[2025-08-07T21:56:48.243+0000] {logging_mixin.py:190} INFO - [2025-08-07T21:56:48.241+0000] {dag.py:3262} INFO - Creating ORM DAG for read_dataset_event
[2025-08-07T21:56:48.255+0000] {logging_mixin.py:190} INFO - [2025-08-07T21:56:48.254+0000] {dag.py:3262} INFO - Creating ORM DAG for read_dataset_event_from_classic
[2025-08-07T21:56:48.985+0000] {logging_mixin.py:190} INFO - [2025-08-07T21:56:48.984+0000] {dag.py:4180} INFO - Setting next_dagrun for read_dataset_event to 2025-08-06 00:00:00+00:00, run_after=2025-08-07 00:00:00+00:00
[2025-08-07T21:56:49.002+0000] {logging_mixin.py:190} INFO - [2025-08-07T21:56:49.002+0000] {dag.py:4180} INFO - Setting next_dagrun for read_dataset_event_from_classic to 2025-08-06 00:00:00+00:00, run_after=2025-08-07 00:00:00+00:00
[2025-08-07T21:56:49.384+0000] {processor.py:208} INFO - Processing /home/airflow/.local/lib/python3.12/site-packages/airflow/example_dags/example_inlet_event_extra.py took 17.005 seconds
[2025-08-07T22:00:50.443+0000] {processor.py:186} INFO - Started process (PID=203) to work on /home/airflow/.local/lib/python3.12/site-packages/airflow/example_dags/example_inlet_event_extra.py
[2025-08-07T22:00:50.447+0000] {processor.py:914} INFO - Processing file /home/airflow/.local/lib/python3.12/site-packages/airflow/example_dags/example_inlet_event_extra.py for tasks to queue
[2025-08-07T22:00:50.452+0000] {logging_mixin.py:190} INFO - [2025-08-07T22:00:50.451+0000] {dagbag.py:588} INFO - Filling up the DagBag from /home/airflow/.local/lib/python3.12/site-packages/airflow/example_dags/example_inlet_event_extra.py
[2025-08-07T22:00:50.890+0000] {processor.py:925} INFO - DAG(s) 'read_dataset_event_from_classic', 'read_dataset_event' retrieved from /home/airflow/.local/lib/python3.12/site-packages/airflow/example_dags/example_inlet_event_extra.py
[2025-08-07T22:00:50.949+0000] {logging_mixin.py:190} INFO - [2025-08-07T22:00:50.948+0000] {dag.py:3239} INFO - Sync 2 DAGs
[2025-08-07T22:00:51.022+0000] {logging_mixin.py:190} INFO - [2025-08-07T22:00:51.021+0000] {dag.py:4180} INFO - Setting next_dagrun for read_dataset_event to 2025-08-06 00:00:00+00:00, run_after=2025-08-07 00:00:00+00:00
[2025-08-07T22:00:51.035+0000] {logging_mixin.py:190} INFO - [2025-08-07T22:00:51.035+0000] {dag.py:4180} INFO - Setting next_dagrun for read_dataset_event_from_classic to 2025-08-06 00:00:00+00:00, run_after=2025-08-07 00:00:00+00:00
[2025-08-07T22:00:51.072+0000] {processor.py:208} INFO - Processing /home/airflow/.local/lib/python3.12/site-packages/airflow/example_dags/example_inlet_event_extra.py took 0.646 seconds
