[2025-08-07T21:56:54.235+0000] {processor.py:186} INFO - Started process (PID=110) to work on /home/airflow/.local/lib/python3.12/site-packages/airflow/example_dags/example_dynamic_task_mapping.py
[2025-08-07T21:56:54.255+0000] {processor.py:914} INFO - Processing file /home/airflow/.local/lib/python3.12/site-packages/airflow/example_dags/example_dynamic_task_mapping.py for tasks to queue
[2025-08-07T21:56:54.291+0000] {logging_mixin.py:190} INFO - [2025-08-07T21:56:54.287+0000] {dagbag.py:588} INFO - Filling up the DagBag from /home/airflow/.local/lib/python3.12/site-packages/airflow/example_dags/example_dynamic_task_mapping.py
[2025-08-07T21:56:54.620+0000] {processor.py:925} INFO - DAG(s) 'example_dynamic_task_mapping' retrieved from /home/airflow/.local/lib/python3.12/site-packages/airflow/example_dags/example_dynamic_task_mapping.py
[2025-08-07T21:57:04.367+0000] {logging_mixin.py:190} INFO - [2025-08-07T21:57:04.240+0000] {override.py:1900} INFO - Created Permission View: can delete on DAG:example_dynamic_task_mapping
[2025-08-07T21:57:05.124+0000] {logging_mixin.py:190} INFO - [2025-08-07T21:57:05.112+0000] {override.py:1900} INFO - Created Permission View: can edit on DAG:example_dynamic_task_mapping
[2025-08-07T21:57:05.312+0000] {logging_mixin.py:190} INFO - [2025-08-07T21:57:05.310+0000] {override.py:1900} INFO - Created Permission View: can read on DAG:example_dynamic_task_mapping
[2025-08-07T21:57:05.584+0000] {logging_mixin.py:190} INFO - [2025-08-07T21:57:05.582+0000] {override.py:1900} INFO - Created Permission View: can delete on DAG Run:example_dynamic_task_mapping
[2025-08-07T21:57:05.745+0000] {logging_mixin.py:190} INFO - [2025-08-07T21:57:05.744+0000] {override.py:1900} INFO - Created Permission View: can create on DAG Run:example_dynamic_task_mapping
[2025-08-07T21:57:05.827+0000] {logging_mixin.py:190} INFO - [2025-08-07T21:57:05.825+0000] {override.py:1900} INFO - Created Permission View: menu access on DAG Run:example_dynamic_task_mapping
[2025-08-07T21:57:05.955+0000] {logging_mixin.py:190} INFO - [2025-08-07T21:57:05.936+0000] {override.py:1900} INFO - Created Permission View: can read on DAG Run:example_dynamic_task_mapping
[2025-08-07T21:57:05.967+0000] {logging_mixin.py:190} INFO - [2025-08-07T21:57:05.965+0000] {dag.py:3239} INFO - Sync 1 DAGs
[2025-08-07T21:57:06.345+0000] {logging_mixin.py:190} INFO - [2025-08-07T21:57:06.344+0000] {dag.py:3262} INFO - Creating ORM DAG for example_dynamic_task_mapping
[2025-08-07T21:57:06.372+0000] {logging_mixin.py:190} INFO - [2025-08-07T21:57:06.370+0000] {dag.py:4180} INFO - Setting next_dagrun for example_dynamic_task_mapping to None, run_after=None
[2025-08-07T21:57:07.225+0000] {processor.py:208} INFO - Processing /home/airflow/.local/lib/python3.12/site-packages/airflow/example_dags/example_dynamic_task_mapping.py took 13.194 seconds
[2025-08-07T22:00:51.255+0000] {processor.py:186} INFO - Started process (PID=207) to work on /home/airflow/.local/lib/python3.12/site-packages/airflow/example_dags/example_dynamic_task_mapping.py
[2025-08-07T22:00:51.259+0000] {processor.py:914} INFO - Processing file /home/airflow/.local/lib/python3.12/site-packages/airflow/example_dags/example_dynamic_task_mapping.py for tasks to queue
[2025-08-07T22:00:51.265+0000] {logging_mixin.py:190} INFO - [2025-08-07T22:00:51.264+0000] {dagbag.py:588} INFO - Filling up the DagBag from /home/airflow/.local/lib/python3.12/site-packages/airflow/example_dags/example_dynamic_task_mapping.py
[2025-08-07T22:00:51.284+0000] {processor.py:925} INFO - DAG(s) 'example_dynamic_task_mapping' retrieved from /home/airflow/.local/lib/python3.12/site-packages/airflow/example_dags/example_dynamic_task_mapping.py
[2025-08-07T22:00:51.339+0000] {logging_mixin.py:190} INFO - [2025-08-07T22:00:51.339+0000] {dag.py:3239} INFO - Sync 1 DAGs
[2025-08-07T22:00:51.387+0000] {logging_mixin.py:190} INFO - [2025-08-07T22:00:51.387+0000] {dag.py:4180} INFO - Setting next_dagrun for example_dynamic_task_mapping to None, run_after=None
[2025-08-07T22:00:51.439+0000] {processor.py:208} INFO - Processing /home/airflow/.local/lib/python3.12/site-packages/airflow/example_dags/example_dynamic_task_mapping.py took 0.197 seconds
