[2025-08-07T21:56:08.939+0000] {processor.py:186} INFO - Started process (PID=94) to work on /home/airflow/.local/lib/python3.12/site-packages/airflow/example_dags/example_setup_teardown.py
[2025-08-07T21:56:09.051+0000] {processor.py:914} INFO - Processing file /home/airflow/.local/lib/python3.12/site-packages/airflow/example_dags/example_setup_teardown.py for tasks to queue
[2025-08-07T21:56:09.139+0000] {logging_mixin.py:190} INFO - [2025-08-07T21:56:09.126+0000] {dagbag.py:588} INFO - Filling up the DagBag from /home/airflow/.local/lib/python3.12/site-packages/airflow/example_dags/example_setup_teardown.py
[2025-08-07T21:56:09.797+0000] {processor.py:925} INFO - DAG(s) 'example_setup_teardown' retrieved from /home/airflow/.local/lib/python3.12/site-packages/airflow/example_dags/example_setup_teardown.py
[2025-08-07T21:56:12.274+0000] {logging_mixin.py:190} INFO - [2025-08-07T21:56:12.231+0000] {override.py:1900} INFO - Created Permission View: can delete on DAG:example_setup_teardown
[2025-08-07T21:56:12.358+0000] {logging_mixin.py:190} INFO - [2025-08-07T21:56:12.358+0000] {override.py:1900} INFO - Created Permission View: can edit on DAG:example_setup_teardown
[2025-08-07T21:56:12.391+0000] {logging_mixin.py:190} INFO - [2025-08-07T21:56:12.389+0000] {override.py:1900} INFO - Created Permission View: can read on DAG:example_setup_teardown
[2025-08-07T21:56:12.510+0000] {logging_mixin.py:190} INFO - [2025-08-07T21:56:12.509+0000] {override.py:1900} INFO - Created Permission View: can delete on DAG Run:example_setup_teardown
[2025-08-07T21:56:12.597+0000] {logging_mixin.py:190} INFO - [2025-08-07T21:56:12.595+0000] {override.py:1900} INFO - Created Permission View: can create on DAG Run:example_setup_teardown
[2025-08-07T21:56:12.691+0000] {logging_mixin.py:190} INFO - [2025-08-07T21:56:12.690+0000] {override.py:1900} INFO - Created Permission View: menu access on DAG Run:example_setup_teardown
[2025-08-07T21:56:12.719+0000] {logging_mixin.py:190} INFO - [2025-08-07T21:56:12.718+0000] {override.py:1900} INFO - Created Permission View: can read on DAG Run:example_setup_teardown
[2025-08-07T21:56:12.721+0000] {logging_mixin.py:190} INFO - [2025-08-07T21:56:12.721+0000] {dag.py:3239} INFO - Sync 1 DAGs
[2025-08-07T21:56:13.270+0000] {logging_mixin.py:190} INFO - [2025-08-07T21:56:13.268+0000] {dag.py:3262} INFO - Creating ORM DAG for example_setup_teardown
[2025-08-07T21:56:13.709+0000] {logging_mixin.py:190} INFO - [2025-08-07T21:56:13.654+0000] {dag.py:4180} INFO - Setting next_dagrun for example_setup_teardown to None, run_after=None
[2025-08-07T21:56:14.277+0000] {processor.py:208} INFO - Processing /home/airflow/.local/lib/python3.12/site-packages/airflow/example_dags/example_setup_teardown.py took 5.585 seconds
[2025-08-07T22:00:49.530+0000] {processor.py:186} INFO - Started process (PID=198) to work on /home/airflow/.local/lib/python3.12/site-packages/airflow/example_dags/example_setup_teardown.py
[2025-08-07T22:00:49.535+0000] {processor.py:914} INFO - Processing file /home/airflow/.local/lib/python3.12/site-packages/airflow/example_dags/example_setup_teardown.py for tasks to queue
[2025-08-07T22:00:49.542+0000] {logging_mixin.py:190} INFO - [2025-08-07T22:00:49.541+0000] {dagbag.py:588} INFO - Filling up the DagBag from /home/airflow/.local/lib/python3.12/site-packages/airflow/example_dags/example_setup_teardown.py
[2025-08-07T22:00:49.579+0000] {processor.py:925} INFO - DAG(s) 'example_setup_teardown' retrieved from /home/airflow/.local/lib/python3.12/site-packages/airflow/example_dags/example_setup_teardown.py
[2025-08-07T22:00:49.660+0000] {logging_mixin.py:190} INFO - [2025-08-07T22:00:49.660+0000] {dag.py:3239} INFO - Sync 1 DAGs
[2025-08-07T22:00:49.712+0000] {logging_mixin.py:190} INFO - [2025-08-07T22:00:49.712+0000] {dag.py:4180} INFO - Setting next_dagrun for example_setup_teardown to None, run_after=None
[2025-08-07T22:00:49.777+0000] {processor.py:208} INFO - Processing /home/airflow/.local/lib/python3.12/site-packages/airflow/example_dags/example_setup_teardown.py took 0.294 seconds
