[2025-08-07T21:57:17.977+0000] {processor.py:186} INFO - Started process (PID=119) to work on /home/airflow/.local/lib/python3.12/site-packages/airflow/example_dags/example_branch_day_of_week_operator.py
[2025-08-07T21:57:17.990+0000] {processor.py:914} INFO - Processing file /home/airflow/.local/lib/python3.12/site-packages/airflow/example_dags/example_branch_day_of_week_operator.py for tasks to queue
[2025-08-07T21:57:18.136+0000] {logging_mixin.py:190} INFO - [2025-08-07T21:57:18.101+0000] {dagbag.py:588} INFO - Filling up the DagBag from /home/airflow/.local/lib/python3.12/site-packages/airflow/example_dags/example_branch_day_of_week_operator.py
[2025-08-07T21:57:19.073+0000] {processor.py:925} INFO - DAG(s) 'example_weekday_branch_operator' retrieved from /home/airflow/.local/lib/python3.12/site-packages/airflow/example_dags/example_branch_day_of_week_operator.py
[2025-08-07T21:57:25.238+0000] {logging_mixin.py:190} INFO - [2025-08-07T21:57:25.174+0000] {override.py:1900} INFO - Created Permission View: can delete on DAG:example_weekday_branch_operator
[2025-08-07T21:57:26.189+0000] {logging_mixin.py:190} INFO - [2025-08-07T21:57:26.141+0000] {override.py:1900} INFO - Created Permission View: can edit on DAG:example_weekday_branch_operator
[2025-08-07T21:57:27.231+0000] {logging_mixin.py:190} INFO - [2025-08-07T21:57:27.198+0000] {override.py:1900} INFO - Created Permission View: can read on DAG:example_weekday_branch_operator
[2025-08-07T21:57:28.880+0000] {logging_mixin.py:190} INFO - [2025-08-07T21:57:28.702+0000] {override.py:1900} INFO - Created Permission View: can delete on DAG Run:example_weekday_branch_operator
[2025-08-07T21:57:29.224+0000] {logging_mixin.py:190} INFO - [2025-08-07T21:57:29.223+0000] {override.py:1900} INFO - Created Permission View: can create on DAG Run:example_weekday_branch_operator
[2025-08-07T21:57:29.843+0000] {logging_mixin.py:190} INFO - [2025-08-07T21:57:29.474+0000] {override.py:1900} INFO - Created Permission View: menu access on DAG Run:example_weekday_branch_operator
[2025-08-07T21:57:33.111+0000] {logging_mixin.py:190} INFO - [2025-08-07T21:57:32.973+0000] {override.py:1900} INFO - Created Permission View: can read on DAG Run:example_weekday_branch_operator
[2025-08-07T21:57:33.257+0000] {logging_mixin.py:190} INFO - [2025-08-07T21:57:33.216+0000] {dag.py:3239} INFO - Sync 1 DAGs
[2025-08-07T21:57:35.998+0000] {logging_mixin.py:190} INFO - [2025-08-07T21:57:35.988+0000] {dag.py:3262} INFO - Creating ORM DAG for example_weekday_branch_operator
[2025-08-07T21:57:36.671+0000] {logging_mixin.py:190} INFO - [2025-08-07T21:57:36.611+0000] {dag.py:4180} INFO - Setting next_dagrun for example_weekday_branch_operator to 2025-08-06 00:00:00+00:00, run_after=2025-08-07 00:00:00+00:00
[2025-08-07T21:57:36.999+0000] {processor.py:208} INFO - Processing /home/airflow/.local/lib/python3.12/site-packages/airflow/example_dags/example_branch_day_of_week_operator.py took 19.097 seconds
[2025-08-07T22:00:51.835+0000] {processor.py:186} INFO - Started process (PID=210) to work on /home/airflow/.local/lib/python3.12/site-packages/airflow/example_dags/example_branch_day_of_week_operator.py
[2025-08-07T22:00:51.838+0000] {processor.py:914} INFO - Processing file /home/airflow/.local/lib/python3.12/site-packages/airflow/example_dags/example_branch_day_of_week_operator.py for tasks to queue
[2025-08-07T22:00:51.844+0000] {logging_mixin.py:190} INFO - [2025-08-07T22:00:51.843+0000] {dagbag.py:588} INFO - Filling up the DagBag from /home/airflow/.local/lib/python3.12/site-packages/airflow/example_dags/example_branch_day_of_week_operator.py
[2025-08-07T22:00:51.868+0000] {processor.py:925} INFO - DAG(s) 'example_weekday_branch_operator' retrieved from /home/airflow/.local/lib/python3.12/site-packages/airflow/example_dags/example_branch_day_of_week_operator.py
[2025-08-07T22:00:51.921+0000] {logging_mixin.py:190} INFO - [2025-08-07T22:00:51.921+0000] {dag.py:3239} INFO - Sync 1 DAGs
[2025-08-07T22:00:51.985+0000] {logging_mixin.py:190} INFO - [2025-08-07T22:00:51.985+0000] {dag.py:4180} INFO - Setting next_dagrun for example_weekday_branch_operator to 2025-08-06 00:00:00+00:00, run_after=2025-08-07 00:00:00+00:00
[2025-08-07T22:00:52.042+0000] {processor.py:208} INFO - Processing /home/airflow/.local/lib/python3.12/site-packages/airflow/example_dags/example_branch_day_of_week_operator.py took 0.220 seconds
