[2025-08-07T21:56:33.193+0000] {processor.py:186} INFO - Started process (PID=100) to work on /home/airflow/.local/lib/python3.12/site-packages/airflow/example_dags/example_task_group.py
[2025-08-07T21:56:33.240+0000] {processor.py:914} INFO - Processing file /home/airflow/.local/lib/python3.12/site-packages/airflow/example_dags/example_task_group.py for tasks to queue
[2025-08-07T21:56:33.299+0000] {logging_mixin.py:190} INFO - [2025-08-07T21:56:33.295+0000] {dagbag.py:588} INFO - Filling up the DagBag from /home/airflow/.local/lib/python3.12/site-packages/airflow/example_dags/example_task_group.py
[2025-08-07T21:56:33.654+0000] {processor.py:925} INFO - DAG(s) 'example_task_group' retrieved from /home/airflow/.local/lib/python3.12/site-packages/airflow/example_dags/example_task_group.py
[2025-08-07T21:56:38.728+0000] {logging_mixin.py:190} INFO - [2025-08-07T21:56:38.559+0000] {override.py:1900} INFO - Created Permission View: can delete on DAG:example_task_group
[2025-08-07T21:56:38.963+0000] {logging_mixin.py:190} INFO - [2025-08-07T21:56:38.962+0000] {override.py:1900} INFO - Created Permission View: can edit on DAG:example_task_group
[2025-08-07T21:56:39.056+0000] {logging_mixin.py:190} INFO - [2025-08-07T21:56:39.048+0000] {override.py:1900} INFO - Created Permission View: can read on DAG:example_task_group
[2025-08-07T21:56:39.186+0000] {logging_mixin.py:190} INFO - [2025-08-07T21:56:39.185+0000] {override.py:1900} INFO - Created Permission View: can delete on DAG Run:example_task_group
[2025-08-07T21:56:39.219+0000] {logging_mixin.py:190} INFO - [2025-08-07T21:56:39.219+0000] {override.py:1900} INFO - Created Permission View: can create on DAG Run:example_task_group
[2025-08-07T21:56:39.901+0000] {logging_mixin.py:190} INFO - [2025-08-07T21:56:39.653+0000] {override.py:1900} INFO - Created Permission View: menu access on DAG Run:example_task_group
[2025-08-07T21:56:40.374+0000] {logging_mixin.py:190} INFO - [2025-08-07T21:56:40.350+0000] {override.py:1900} INFO - Created Permission View: can read on DAG Run:example_task_group
[2025-08-07T21:56:40.382+0000] {logging_mixin.py:190} INFO - [2025-08-07T21:56:40.381+0000] {dag.py:3239} INFO - Sync 1 DAGs
[2025-08-07T21:56:40.655+0000] {logging_mixin.py:190} INFO - [2025-08-07T21:56:40.653+0000] {dag.py:3262} INFO - Creating ORM DAG for example_task_group
[2025-08-07T21:56:40.692+0000] {logging_mixin.py:190} INFO - [2025-08-07T21:56:40.691+0000] {dag.py:4180} INFO - Setting next_dagrun for example_task_group to None, run_after=None
[2025-08-07T21:56:41.269+0000] {processor.py:208} INFO - Processing /home/airflow/.local/lib/python3.12/site-packages/airflow/example_dags/example_task_group.py took 8.186 seconds
[2025-08-07T22:00:50.634+0000] {processor.py:186} INFO - Started process (PID=204) to work on /home/airflow/.local/lib/python3.12/site-packages/airflow/example_dags/example_task_group.py
[2025-08-07T22:00:50.636+0000] {processor.py:914} INFO - Processing file /home/airflow/.local/lib/python3.12/site-packages/airflow/example_dags/example_task_group.py for tasks to queue
[2025-08-07T22:00:50.641+0000] {logging_mixin.py:190} INFO - [2025-08-07T22:00:50.640+0000] {dagbag.py:588} INFO - Filling up the DagBag from /home/airflow/.local/lib/python3.12/site-packages/airflow/example_dags/example_task_group.py
[2025-08-07T22:00:50.670+0000] {processor.py:925} INFO - DAG(s) 'example_task_group' retrieved from /home/airflow/.local/lib/python3.12/site-packages/airflow/example_dags/example_task_group.py
[2025-08-07T22:00:50.754+0000] {logging_mixin.py:190} INFO - [2025-08-07T22:00:50.753+0000] {dag.py:3239} INFO - Sync 1 DAGs
[2025-08-07T22:00:50.817+0000] {logging_mixin.py:190} INFO - [2025-08-07T22:00:50.817+0000] {dag.py:4180} INFO - Setting next_dagrun for example_task_group to None, run_after=None
[2025-08-07T22:00:50.861+0000] {processor.py:208} INFO - Processing /home/airflow/.local/lib/python3.12/site-packages/airflow/example_dags/example_task_group.py took 0.246 seconds
