[2025-08-07T21:56:11.537+0000] {processor.py:186} INFO - Started process (PID=95) to work on /home/airflow/.local/lib/python3.12/site-packages/airflow/example_dags/example_setup_teardown_taskflow.py
[2025-08-07T21:56:11.556+0000] {processor.py:914} INFO - Processing file /home/airflow/.local/lib/python3.12/site-packages/airflow/example_dags/example_setup_teardown_taskflow.py for tasks to queue
[2025-08-07T21:56:11.617+0000] {logging_mixin.py:190} INFO - [2025-08-07T21:56:11.599+0000] {dagbag.py:588} INFO - Filling up the DagBag from /home/airflow/.local/lib/python3.12/site-packages/airflow/example_dags/example_setup_teardown_taskflow.py
[2025-08-07T21:56:12.598+0000] {processor.py:925} INFO - DAG(s) 'example_setup_teardown_taskflow' retrieved from /home/airflow/.local/lib/python3.12/site-packages/airflow/example_dags/example_setup_teardown_taskflow.py
[2025-08-07T21:56:16.855+0000] {logging_mixin.py:190} INFO - [2025-08-07T21:56:16.828+0000] {override.py:1900} INFO - Created Permission View: can delete on DAG:example_setup_teardown_taskflow
[2025-08-07T21:56:16.917+0000] {logging_mixin.py:190} INFO - [2025-08-07T21:56:16.916+0000] {override.py:1900} INFO - Created Permission View: can edit on DAG:example_setup_teardown_taskflow
[2025-08-07T21:56:17.045+0000] {logging_mixin.py:190} INFO - [2025-08-07T21:56:16.984+0000] {override.py:1900} INFO - Created Permission View: can read on DAG:example_setup_teardown_taskflow
[2025-08-07T21:56:20.882+0000] {logging_mixin.py:190} INFO - [2025-08-07T21:56:20.822+0000] {override.py:1900} INFO - Created Permission View: can delete on DAG Run:example_setup_teardown_taskflow
[2025-08-07T21:56:22.124+0000] {logging_mixin.py:190} INFO - [2025-08-07T21:56:22.087+0000] {override.py:1900} INFO - Created Permission View: can create on DAG Run:example_setup_teardown_taskflow
[2025-08-07T21:56:22.323+0000] {logging_mixin.py:190} INFO - [2025-08-07T21:56:22.321+0000] {override.py:1900} INFO - Created Permission View: menu access on DAG Run:example_setup_teardown_taskflow
[2025-08-07T21:56:22.523+0000] {logging_mixin.py:190} INFO - [2025-08-07T21:56:22.523+0000] {override.py:1900} INFO - Created Permission View: can read on DAG Run:example_setup_teardown_taskflow
[2025-08-07T21:56:22.531+0000] {logging_mixin.py:190} INFO - [2025-08-07T21:56:22.530+0000] {dag.py:3239} INFO - Sync 1 DAGs
[2025-08-07T21:56:25.506+0000] {logging_mixin.py:190} INFO - [2025-08-07T21:56:25.504+0000] {dag.py:3262} INFO - Creating ORM DAG for example_setup_teardown_taskflow
[2025-08-07T21:56:25.512+0000] {logging_mixin.py:190} INFO - [2025-08-07T21:56:25.512+0000] {dag.py:4180} INFO - Setting next_dagrun for example_setup_teardown_taskflow to None, run_after=None
[2025-08-07T21:56:25.897+0000] {processor.py:208} INFO - Processing /home/airflow/.local/lib/python3.12/site-packages/airflow/example_dags/example_setup_teardown_taskflow.py took 14.539 seconds
[2025-08-07T22:00:49.716+0000] {processor.py:186} INFO - Started process (PID=199) to work on /home/airflow/.local/lib/python3.12/site-packages/airflow/example_dags/example_setup_teardown_taskflow.py
[2025-08-07T22:00:49.722+0000] {processor.py:914} INFO - Processing file /home/airflow/.local/lib/python3.12/site-packages/airflow/example_dags/example_setup_teardown_taskflow.py for tasks to queue
[2025-08-07T22:00:49.732+0000] {logging_mixin.py:190} INFO - [2025-08-07T22:00:49.731+0000] {dagbag.py:588} INFO - Filling up the DagBag from /home/airflow/.local/lib/python3.12/site-packages/airflow/example_dags/example_setup_teardown_taskflow.py
[2025-08-07T22:00:49.777+0000] {processor.py:925} INFO - DAG(s) 'example_setup_teardown_taskflow' retrieved from /home/airflow/.local/lib/python3.12/site-packages/airflow/example_dags/example_setup_teardown_taskflow.py
[2025-08-07T22:00:49.866+0000] {logging_mixin.py:190} INFO - [2025-08-07T22:00:49.861+0000] {dag.py:3239} INFO - Sync 1 DAGs
[2025-08-07T22:00:49.928+0000] {logging_mixin.py:190} INFO - [2025-08-07T22:00:49.926+0000] {dag.py:4180} INFO - Setting next_dagrun for example_setup_teardown_taskflow to None, run_after=None
[2025-08-07T22:00:49.989+0000] {processor.py:208} INFO - Processing /home/airflow/.local/lib/python3.12/site-packages/airflow/example_dags/example_setup_teardown_taskflow.py took 0.290 seconds
