[2025-08-07T21:56:05.733+0000] {processor.py:186} INFO - Started process (PID=92) to work on /home/airflow/.local/lib/python3.12/site-packages/airflow/example_dags/tutorial_dag.py
[2025-08-07T21:56:05.779+0000] {processor.py:914} INFO - Processing file /home/airflow/.local/lib/python3.12/site-packages/airflow/example_dags/tutorial_dag.py for tasks to queue
[2025-08-07T21:56:05.806+0000] {logging_mixin.py:190} INFO - [2025-08-07T21:56:05.804+0000] {dagbag.py:588} INFO - Filling up the DagBag from /home/airflow/.local/lib/python3.12/site-packages/airflow/example_dags/tutorial_dag.py
[2025-08-07T21:56:05.846+0000] {processor.py:925} INFO - DAG(s) 'tutorial_dag' retrieved from /home/airflow/.local/lib/python3.12/site-packages/airflow/example_dags/tutorial_dag.py
[2025-08-07T21:56:06.448+0000] {logging_mixin.py:190} INFO - [2025-08-07T21:56:06.446+0000] {override.py:1900} INFO - Created Permission View: can delete on DAG:tutorial_dag
[2025-08-07T21:56:06.479+0000] {logging_mixin.py:190} INFO - [2025-08-07T21:56:06.478+0000] {override.py:1900} INFO - Created Permission View: can edit on DAG:tutorial_dag
[2025-08-07T21:56:06.504+0000] {logging_mixin.py:190} INFO - [2025-08-07T21:56:06.503+0000] {override.py:1900} INFO - Created Permission View: can read on DAG:tutorial_dag
[2025-08-07T21:56:06.533+0000] {logging_mixin.py:190} INFO - [2025-08-07T21:56:06.533+0000] {override.py:1900} INFO - Created Permission View: can delete on DAG Run:tutorial_dag
[2025-08-07T21:56:06.558+0000] {logging_mixin.py:190} INFO - [2025-08-07T21:56:06.556+0000] {override.py:1900} INFO - Created Permission View: can create on DAG Run:tutorial_dag
[2025-08-07T21:56:06.580+0000] {logging_mixin.py:190} INFO - [2025-08-07T21:56:06.580+0000] {override.py:1900} INFO - Created Permission View: menu access on DAG Run:tutorial_dag
[2025-08-07T21:56:06.597+0000] {logging_mixin.py:190} INFO - [2025-08-07T21:56:06.596+0000] {override.py:1900} INFO - Created Permission View: can read on DAG Run:tutorial_dag
[2025-08-07T21:56:06.598+0000] {logging_mixin.py:190} INFO - [2025-08-07T21:56:06.598+0000] {dag.py:3239} INFO - Sync 1 DAGs
[2025-08-07T21:56:06.656+0000] {logging_mixin.py:190} INFO - [2025-08-07T21:56:06.655+0000] {dag.py:3262} INFO - Creating ORM DAG for tutorial_dag
[2025-08-07T21:56:06.660+0000] {logging_mixin.py:190} INFO - [2025-08-07T21:56:06.659+0000] {dag.py:4180} INFO - Setting next_dagrun for tutorial_dag to None, run_after=None
[2025-08-07T21:56:06.721+0000] {processor.py:208} INFO - Processing /home/airflow/.local/lib/python3.12/site-packages/airflow/example_dags/tutorial_dag.py took 1.015 seconds
[2025-08-07T22:00:49.168+0000] {processor.py:186} INFO - Started process (PID=196) to work on /home/airflow/.local/lib/python3.12/site-packages/airflow/example_dags/tutorial_dag.py
[2025-08-07T22:00:49.172+0000] {processor.py:914} INFO - Processing file /home/airflow/.local/lib/python3.12/site-packages/airflow/example_dags/tutorial_dag.py for tasks to queue
[2025-08-07T22:00:49.179+0000] {logging_mixin.py:190} INFO - [2025-08-07T22:00:49.178+0000] {dagbag.py:588} INFO - Filling up the DagBag from /home/airflow/.local/lib/python3.12/site-packages/airflow/example_dags/tutorial_dag.py
[2025-08-07T22:00:49.204+0000] {processor.py:925} INFO - DAG(s) 'tutorial_dag' retrieved from /home/airflow/.local/lib/python3.12/site-packages/airflow/example_dags/tutorial_dag.py
[2025-08-07T22:00:49.265+0000] {logging_mixin.py:190} INFO - [2025-08-07T22:00:49.265+0000] {dag.py:3239} INFO - Sync 1 DAGs
[2025-08-07T22:00:49.329+0000] {logging_mixin.py:190} INFO - [2025-08-07T22:00:49.329+0000] {dag.py:4180} INFO - Setting next_dagrun for tutorial_dag to None, run_after=None
[2025-08-07T22:00:49.401+0000] {processor.py:208} INFO - Processing /home/airflow/.local/lib/python3.12/site-packages/airflow/example_dags/tutorial_dag.py took 0.248 seconds
