[2025-08-07T21:56:28.348+0000] {processor.py:186} INFO - Started process (PID=97) to work on /home/airflow/.local/lib/python3.12/site-packages/airflow/example_dags/tutorial_taskflow_api.py
[2025-08-07T21:56:28.361+0000] {processor.py:914} INFO - Processing file /home/airflow/.local/lib/python3.12/site-packages/airflow/example_dags/tutorial_taskflow_api.py for tasks to queue
[2025-08-07T21:56:28.554+0000] {logging_mixin.py:190} INFO - [2025-08-07T21:56:28.548+0000] {dagbag.py:588} INFO - Filling up the DagBag from /home/airflow/.local/lib/python3.12/site-packages/airflow/example_dags/tutorial_taskflow_api.py
[2025-08-07T21:56:28.632+0000] {processor.py:925} INFO - DAG(s) 'tutorial_taskflow_api' retrieved from /home/airflow/.local/lib/python3.12/site-packages/airflow/example_dags/tutorial_taskflow_api.py
[2025-08-07T21:56:31.320+0000] {logging_mixin.py:190} INFO - [2025-08-07T21:56:31.312+0000] {override.py:1900} INFO - Created Permission View: can delete on DAG:tutorial_taskflow_api
[2025-08-07T21:56:31.363+0000] {logging_mixin.py:190} INFO - [2025-08-07T21:56:31.361+0000] {override.py:1900} INFO - Created Permission View: can edit on DAG:tutorial_taskflow_api
[2025-08-07T21:56:31.394+0000] {logging_mixin.py:190} INFO - [2025-08-07T21:56:31.393+0000] {override.py:1900} INFO - Created Permission View: can read on DAG:tutorial_taskflow_api
[2025-08-07T21:56:31.419+0000] {logging_mixin.py:190} INFO - [2025-08-07T21:56:31.419+0000] {override.py:1900} INFO - Created Permission View: can delete on DAG Run:tutorial_taskflow_api
[2025-08-07T21:56:31.451+0000] {logging_mixin.py:190} INFO - [2025-08-07T21:56:31.450+0000] {override.py:1900} INFO - Created Permission View: can create on DAG Run:tutorial_taskflow_api
[2025-08-07T21:56:31.481+0000] {logging_mixin.py:190} INFO - [2025-08-07T21:56:31.480+0000] {override.py:1900} INFO - Created Permission View: menu access on DAG Run:tutorial_taskflow_api
[2025-08-07T21:56:31.513+0000] {logging_mixin.py:190} INFO - [2025-08-07T21:56:31.512+0000] {override.py:1900} INFO - Created Permission View: can read on DAG Run:tutorial_taskflow_api
[2025-08-07T21:56:31.515+0000] {logging_mixin.py:190} INFO - [2025-08-07T21:56:31.514+0000] {dag.py:3239} INFO - Sync 1 DAGs
[2025-08-07T21:56:31.615+0000] {logging_mixin.py:190} INFO - [2025-08-07T21:56:31.615+0000] {dag.py:3262} INFO - Creating ORM DAG for tutorial_taskflow_api
[2025-08-07T21:56:31.620+0000] {logging_mixin.py:190} INFO - [2025-08-07T21:56:31.619+0000] {dag.py:4180} INFO - Setting next_dagrun for tutorial_taskflow_api to None, run_after=None
[2025-08-07T21:56:31.775+0000] {processor.py:208} INFO - Processing /home/airflow/.local/lib/python3.12/site-packages/airflow/example_dags/tutorial_taskflow_api.py took 3.796 seconds
[2025-08-07T22:00:50.065+0000] {processor.py:186} INFO - Started process (PID=201) to work on /home/airflow/.local/lib/python3.12/site-packages/airflow/example_dags/tutorial_taskflow_api.py
[2025-08-07T22:00:50.070+0000] {processor.py:914} INFO - Processing file /home/airflow/.local/lib/python3.12/site-packages/airflow/example_dags/tutorial_taskflow_api.py for tasks to queue
[2025-08-07T22:00:50.082+0000] {logging_mixin.py:190} INFO - [2025-08-07T22:00:50.081+0000] {dagbag.py:588} INFO - Filling up the DagBag from /home/airflow/.local/lib/python3.12/site-packages/airflow/example_dags/tutorial_taskflow_api.py
[2025-08-07T22:00:50.125+0000] {processor.py:925} INFO - DAG(s) 'tutorial_taskflow_api' retrieved from /home/airflow/.local/lib/python3.12/site-packages/airflow/example_dags/tutorial_taskflow_api.py
[2025-08-07T22:00:50.189+0000] {logging_mixin.py:190} INFO - [2025-08-07T22:00:50.189+0000] {dag.py:3239} INFO - Sync 1 DAGs
[2025-08-07T22:00:50.270+0000] {logging_mixin.py:190} INFO - [2025-08-07T22:00:50.269+0000] {dag.py:4180} INFO - Setting next_dagrun for tutorial_taskflow_api to None, run_after=None
[2025-08-07T22:00:50.348+0000] {processor.py:208} INFO - Processing /home/airflow/.local/lib/python3.12/site-packages/airflow/example_dags/tutorial_taskflow_api.py took 0.299 seconds
